[ 2018-05-16T03:20:50+08:00 ] 172.18.215.229 202.108.211.56 GET /
[ log ] www.yeguofang.top/ [运行时间：0.076639s][吞吐率：13.05req/s] [内存消耗：4,383.57kb] [文件加载：54]
[ info ] [ LANG ] C:\wamp\www\app\thinkphp\lang\zh-cn.php
[ info ] [ BIND ] 'index'
[ info ] [ ROUTE ] array (
  'type' => 'module',
  'module' => 
  array (
    0 => 'index',
    1 => NULL,
    2 => NULL,
  ),
)
[ info ] [ HEADER ] array (
  'user-agent' => 'Mozilla/5.0 (X11; Linux x86_64) AppleWebKit/535.21 (KHTML, like Gecko) Chrome/19.0.1042.0 Safari/535.21',
  'accept' => 'text/html,application/xhtml+xml,application/xml;q=0.9,image/webp,*/*;q=0.8',
  'accept-encoding' => 'gzip, deflate, sdch',
  'accept-language' => 'zh-CN,zh;q=0.8,en-US;q=0.6,en;q=0.4',
  'cache-control' => 'no-cache',
  'pragma' => 'no-cache',
  'upgrade-insecure-requests' => '1',
  'host' => 'www.yeguofang.top',
  'connection' => 'keep-alive',
)
[ info ] [ PARAM ] array (
)
[ info ] [ RUN ] app\index\controller\Index->index[ C:\wamp\www\app\application\index\controller\Index.php ]
[ info ] [ DB ] INIT mysql
[ info ] [ DB ] INIT mysql
[ info ] [ VIEW ] C:\wamp\www\app\public/../application/index\view\index\index.html [ array (
  0 => 'tptc',
  1 => 'tpts',
) ]
[ info ] [ SESSION ] INIT array (
  'id' => '',
  'var_session_id' => '',
  'prefix' => 'think',
  'type' => '',
  'auto_start' => true,
  'expire' => 4200,
)
[ info ] [ LOG ] INIT File
[ sql ] [ DB ] CONNECT:[ UseTime:0.002457s ] mysql:dbname=shopp;host=127.0.0.1;charset=utf8
[ sql ] [ SQL ] SHOW COLUMNS FROM `category` [ RunTime:0.003154s ]
[ sql ] [ SQL ] SELECT * FROM `category` WHERE  (  gid = 0 ) ORDER BY pid ASC [ RunTime:0.000584s ]
[ sql ] [ DB ] CONNECT:[ UseTime:0.000608s ] mysql:dbname=shopp;host=127.0.0.1;charset=utf8
[ sql ] [ SQL ] SELECT * FROM `category` WHERE  (  gid != 0 ) ORDER BY pid ASC [ RunTime:0.000508s ]

---------------------------------------------------------------
[ 2018-05-16T09:46:51+08:00 ] 172.18.215.229 106.11.227.184 GET /
[ log ] www.yeguofang.top/ [运行时间：0.077584s][吞吐率：12.89req/s] [内存消耗：4,382.86kb] [文件加载：54]
[ info ] [ LANG ] C:\wamp\www\app\thinkphp\lang\zh-cn.php
[ info ] [ BIND ] 'index'
[ info ] [ ROUTE ] array (
  'type' => 'module',
  'module' => 
  array (
    0 => 'index',
    1 => NULL,
    2 => NULL,
  ),
)
[ info ] [ HEADER ] array (
  'accept-encoding' => 'gzip',
  'user-agent' => 'Mozilla/5.0 (iPad; CPU OS 9_1 like Mac OS X) AppleWebKit/601.1.46 (KHTML, like Gecko) Version/9.0 Mobile/13B143 Safari/601.1',
  'cache-control' => 'no-cache',
  'pragma' => 'no-cache',
  'host' => 'www.yeguofang.top',
  'accept' => 'text/html, image/gif, image/jpeg, *; q=.2, */*; q=.2',
  'connection' => 'keep-alive',
)
[ info ] [ PARAM ] array (
)
[ info ] [ RUN ] app\index\controller\Index->index[ C:\wamp\www\app\application\index\controller\Index.php ]
[ info ] [ DB ] INIT mysql
[ info ] [ DB ] INIT mysql
[ info ] [ VIEW ] C:\wamp\www\app\public/../application/index\view\index\index.html [ array (
  0 => 'tptc',
  1 => 'tpts',
) ]
[ info ] [ SESSION ] INIT array (
  'id' => '',
  'var_session_id' => '',
  'prefix' => 'think',
  'type' => '',
  'auto_start' => true,
  'expire' => 4200,
)
[ info ] [ LOG ] INIT File
[ sql ] [ DB ] CONNECT:[ UseTime:0.000980s ] mysql:dbname=shopp;host=127.0.0.1;charset=utf8
[ sql ] [ SQL ] SHOW COLUMNS FROM `category` [ RunTime:0.002896s ]
[ sql ] [ SQL ] SELECT * FROM `category` WHERE  (  gid = 0 ) ORDER BY pid ASC [ RunTime:0.000585s ]
[ sql ] [ DB ] CONNECT:[ UseTime:0.000587s ] mysql:dbname=shopp;host=127.0.0.1;charset=utf8
[ sql ] [ SQL ] SELECT * FROM `category` WHERE  (  gid != 0 ) ORDER BY pid ASC [ RunTime:0.000483s ]

---------------------------------------------------------------
[ 2018-05-16T12:07:01+08:00 ] 172.18.215.229 101.132.100.6 GET /
[ log ] www.yeguofang.top/ [运行时间：0.073942s][吞吐率：13.52req/s] [内存消耗：4,382.05kb] [文件加载：54]
[ info ] [ LANG ] C:\wamp\www\app\thinkphp\lang\zh-cn.php
[ info ] [ BIND ] 'index'
[ info ] [ ROUTE ] array (
  'type' => 'module',
  'module' => 
  array (
    0 => 'index',
    1 => NULL,
    2 => NULL,
  ),
)
[ info ] [ HEADER ] array (
  'user-agent' => 'Mozilla/5.0 (X11; Ubuntu; Linux x86_64; rv:36.0) Gecko/20100101 Firefox/36.0',
  'host' => 'www.yeguofang.top',
  'accept' => 'text/html, image/gif, image/jpeg, *; q=.2, */*; q=.2',
  'connection' => 'keep-alive',
)
[ info ] [ PARAM ] array (
)
[ info ] [ RUN ] app\index\controller\Index->index[ C:\wamp\www\app\application\index\controller\Index.php ]
[ info ] [ DB ] INIT mysql
[ info ] [ DB ] INIT mysql
[ info ] [ VIEW ] C:\wamp\www\app\public/../application/index\view\index\index.html [ array (
  0 => 'tptc',
  1 => 'tpts',
) ]
[ info ] [ SESSION ] INIT array (
  'id' => '',
  'var_session_id' => '',
  'prefix' => 'think',
  'type' => '',
  'auto_start' => true,
  'expire' => 4200,
)
[ info ] [ LOG ] INIT File
[ sql ] [ DB ] CONNECT:[ UseTime:0.000737s ] mysql:dbname=shopp;host=127.0.0.1;charset=utf8
[ sql ] [ SQL ] SHOW COLUMNS FROM `category` [ RunTime:0.003016s ]
[ sql ] [ SQL ] SELECT * FROM `category` WHERE  (  gid = 0 ) ORDER BY pid ASC [ RunTime:0.000522s ]
[ sql ] [ DB ] CONNECT:[ UseTime:0.000508s ] mysql:dbname=shopp;host=127.0.0.1;charset=utf8
[ sql ] [ SQL ] SELECT * FROM `category` WHERE  (  gid != 0 ) ORDER BY pid ASC [ RunTime:0.000461s ]

---------------------------------------------------------------
[ 2018-05-16T23:17:25+08:00 ] 172.18.215.229 104.192.74.28 GET /
[ log ] www.yeguofang.top/ [运行时间：0.070527s][吞吐率：14.18req/s] [内存消耗：4,383.46kb] [文件加载：54]
[ info ] [ LANG ] C:\wamp\www\app\thinkphp\lang\zh-cn.php
[ info ] [ BIND ] 'index'
[ info ] [ ROUTE ] array (
  'type' => 'module',
  'module' => 
  array (
    0 => 'index',
    1 => NULL,
    2 => NULL,
  ),
)
[ info ] [ HEADER ] array (
  'user-agent' => 'Mozilla/5.0 (Macintosh; Intel Mac OS X 10_12_1) AppleWebKit/537.36 (KHTML, like Gecko) Chrome/58.0.3029.110 Safari/537.36',
  'accept' => 'text/html,application/xhtml+xml,application/xml;q=0.9,*/*;q=0.8',
  'accept-language' => 'en-us',
  'accept-charset' => 'ISO-8859-1,utf-8;q=0.7,*;q=0.7)',
  'cache-control' => 'no-cache',
  'accept-encoding' => 'gzip,deflate',
  'connection' => 'close',
  'referer' => 'http://www.yeguofang.top',
  'host' => 'www.yeguofang.top',
)
[ info ] [ PARAM ] array (
)
[ info ] [ RUN ] app\index\controller\Index->index[ C:\wamp\www\app\application\index\controller\Index.php ]
[ info ] [ DB ] INIT mysql
[ info ] [ DB ] INIT mysql
[ info ] [ VIEW ] C:\wamp\www\app\public/../application/index\view\index\index.html [ array (
  0 => 'tptc',
  1 => 'tpts',
) ]
[ info ] [ SESSION ] INIT array (
  'id' => '',
  'var_session_id' => '',
  'prefix' => 'think',
  'type' => '',
  'auto_start' => true,
  'expire' => 4200,
)
[ info ] [ LOG ] INIT File
[ sql ] [ DB ] CONNECT:[ UseTime:0.000753s ] mysql:dbname=shopp;host=127.0.0.1;charset=utf8
[ sql ] [ SQL ] SHOW COLUMNS FROM `category` [ RunTime:0.002563s ]
[ sql ] [ SQL ] SELECT * FROM `category` WHERE  (  gid = 0 ) ORDER BY pid ASC [ RunTime:0.000537s ]
[ sql ] [ DB ] CONNECT:[ UseTime:0.000536s ] mysql:dbname=shopp;host=127.0.0.1;charset=utf8
[ sql ] [ SQL ] SELECT * FROM `category` WHERE  (  gid != 0 ) ORDER BY pid ASC [ RunTime:0.000478s ]

---------------------------------------------------------------
[ 2018-05-16T23:17:29+08:00 ] 172.18.215.229 104.192.74.28 GET /
[ log ] www.yeguofang.top/ [运行时间：0.071474s][吞吐率：13.99req/s] [内存消耗：4,382.07kb] [文件加载：54]
[ info ] [ LANG ] C:\wamp\www\app\thinkphp\lang\zh-cn.php
[ info ] [ BIND ] 'index'
[ info ] [ ROUTE ] array (
  'type' => 'module',
  'module' => 
  array (
    0 => 'index',
    1 => NULL,
    2 => NULL,
  ),
)
[ info ] [ HEADER ] array (
  'accept-encoding' => 'gzip',
  'user-agent' => 'Mozilla',
  'host' => 'www.yeguofang.top',
  'accept' => 'text/html, image/gif, image/jpeg, *; q=.2, */*; q=.2',
  'connection' => 'keep-alive',
)
[ info ] [ PARAM ] array (
)
[ info ] [ RUN ] app\index\controller\Index->index[ C:\wamp\www\app\application\index\controller\Index.php ]
[ info ] [ DB ] INIT mysql
[ info ] [ DB ] INIT mysql
[ info ] [ VIEW ] C:\wamp\www\app\public/../application/index\view\index\index.html [ array (
  0 => 'tptc',
  1 => 'tpts',
) ]
[ info ] [ SESSION ] INIT array (
  'id' => '',
  'var_session_id' => '',
  'prefix' => 'think',
  'type' => '',
  'auto_start' => true,
  'expire' => 4200,
)
[ info ] [ LOG ] INIT File
[ sql ] [ DB ] CONNECT:[ UseTime:0.000832s ] mysql:dbname=shopp;host=127.0.0.1;charset=utf8
[ sql ] [ SQL ] SHOW COLUMNS FROM `category` [ RunTime:0.003465s ]
[ sql ] [ SQL ] SELECT * FROM `category` WHERE  (  gid = 0 ) ORDER BY pid ASC [ RunTime:0.000576s ]
[ sql ] [ DB ] CONNECT:[ UseTime:0.000525s ] mysql:dbname=shopp;host=127.0.0.1;charset=utf8
[ sql ] [ SQL ] SELECT * FROM `category` WHERE  (  gid != 0 ) ORDER BY pid ASC [ RunTime:0.000485s ]

---------------------------------------------------------------
[ 2018-05-16T23:17:31+08:00 ] 172.18.215.229 104.192.74.28 GET /introduction.html
[ log ] www.yeguofang.top/introduction.html [运行时间：0.036060s][吞吐率：27.73req/s] [内存消耗：2,477.98kb] [文件加载：41]
[ info ] [ LANG ] C:\wamp\www\app\thinkphp\lang\zh-cn.php
[ info ] [ BIND ] 'index'
[ info ] [ ROUTE ] array (
  'type' => 'module',
  'module' => 
  array (
    0 => 'index',
    1 => 'introduction',
    2 => NULL,
  ),
)
[ info ] [ HEADER ] array (
  'user-agent' => 'Mozilla/5.0 (Macintosh; Intel Mac OS X 10_12_1) AppleWebKit/537.36 (KHTML, like Gecko) Chrome/58.0.3029.110 Safari/537.36',
  'accept' => 'text/html,application/xhtml+xml,application/xml;q=0.9,*/*;q=0.8',
  'accept-language' => 'en-us',
  'accept-charset' => 'ISO-8859-1,utf-8;q=0.7,*;q=0.7)',
  'cache-control' => 'no-cache',
  'accept-encoding' => 'gzip,deflate',
  'connection' => 'close',
  'referer' => 'http://www.yeguofang.top/introduction.html',
  'host' => 'www.yeguofang.top',
)
[ info ] [ PARAM ] array (
)
[ info ] [ LOG ] INIT File

---------------------------------------------------------------
[ 2018-05-16T23:17:32+08:00 ] 172.18.215.229 104.192.74.28 GET /introduction.html
[ log ] www.yeguofang.top/introduction.html [运行时间：0.038919s][吞吐率：25.69req/s] [内存消耗：2,476.78kb] [文件加载：41]
[ info ] [ LANG ] C:\wamp\www\app\thinkphp\lang\zh-cn.php
[ info ] [ BIND ] 'index'
[ info ] [ ROUTE ] array (
  'type' => 'module',
  'module' => 
  array (
    0 => 'index',
    1 => 'introduction',
    2 => NULL,
  ),
)
[ info ] [ HEADER ] array (
  'accept-encoding' => 'gzip',
  'user-agent' => 'Mozilla',
  'host' => 'www.yeguofang.top',
  'accept' => 'text/html, image/gif, image/jpeg, *; q=.2, */*; q=.2',
  'connection' => 'keep-alive',
)
[ info ] [ PARAM ] array (
)
[ info ] [ LOG ] INIT File

---------------------------------------------------------------
[ 2018-05-16T23:17:33+08:00 ] 172.18.215.229 104.192.74.28 GET /index/info/id/1.html
[ log ] www.yeguofang.top/index/info/id/1.html [运行时间：0.107220s][吞吐率：9.33req/s] [内存消耗：4,914.38kb] [文件加载：59]
[ info ] [ LANG ] C:\wamp\www\app\thinkphp\lang\zh-cn.php
[ info ] [ BIND ] 'index'
[ info ] [ ROUTE ] array (
  'type' => 'module',
  'module' => 
  array (
    0 => 'index',
    1 => 'index',
    2 => 'info',
  ),
)
[ info ] [ HEADER ] array (
  'user-agent' => 'Mozilla/5.0 (Macintosh; Intel Mac OS X 10_12_1) AppleWebKit/537.36 (KHTML, like Gecko) Chrome/58.0.3029.110 Safari/537.36',
  'accept' => 'text/html,application/xhtml+xml,application/xml;q=0.9,*/*;q=0.8',
  'accept-language' => 'en-us',
  'accept-charset' => 'ISO-8859-1,utf-8;q=0.7,*;q=0.7)',
  'cache-control' => 'no-cache',
  'accept-encoding' => 'gzip,deflate',
  'connection' => 'close',
  'referer' => 'http://www.yeguofang.top/index/info/id/1.html',
  'host' => 'www.yeguofang.top',
)
[ info ] [ PARAM ] array (
  'id' => '1',
)
[ info ] [ RUN ] app\index\controller\Index->info[ C:\wamp\www\app\application\index\controller\Index.php ]
[ info ] [ DB ] INIT mysql
[ info ] [ DB ] INIT mysql
[ info ] [ DB ] INIT mysql
[ info ] [ VIEW ] C:\wamp\www\app\public/../application/index\view\index\info.html [ array (
  0 => 'tptc',
  1 => 'tpts',
  2 => 'data',
  3 => 'page',
) ]
[ info ] [ SESSION ] INIT array (
  'id' => '',
  'var_session_id' => '',
  'prefix' => 'think',
  'type' => '',
  'auto_start' => true,
  'expire' => 4200,
)
[ info ] [ LOG ] INIT File
[ sql ] [ DB ] CONNECT:[ UseTime:0.000716s ] mysql:dbname=shopp;host=127.0.0.1;charset=utf8
[ sql ] [ SQL ] SHOW COLUMNS FROM `category` [ RunTime:0.003065s ]
[ sql ] [ SQL ] SELECT * FROM `category` WHERE  (  gid = 0 ) ORDER BY pid ASC [ RunTime:0.000546s ]
[ sql ] [ DB ] CONNECT:[ UseTime:0.000500s ] mysql:dbname=shopp;host=127.0.0.1;charset=utf8
[ sql ] [ SQL ] SELECT * FROM `category` WHERE  (  gid != 0 ) ORDER BY pid ASC [ RunTime:0.000492s ]
[ sql ] [ DB ] CONNECT:[ UseTime:0.000502s ] mysql:dbname=shopp;host=127.0.0.1;charset=utf8
[ sql ] [ SQL ] SHOW COLUMNS FROM `goods` [ RunTime:0.002701s ]
[ sql ] [ SQL ] SELECT COUNT(*) AS tp_count FROM `goods` WHERE  `gid` = '1' LIMIT 1 [ RunTime:0.000497s ]
[ sql ] [ SQL ] SELECT * FROM `goods` WHERE  `gid` = '1' LIMIT 0,15 [ RunTime:0.000528s ]

---------------------------------------------------------------
[ 2018-05-16T23:17:33+08:00 ] 172.18.215.229 104.192.74.28 GET /index/info/id/2.html
[ log ] www.yeguofang.top/index/info/id/2.html [运行时间：0.112857s][吞吐率：8.86req/s] [内存消耗：4,631.61kb] [文件加载：57]
[ info ] [ LANG ] C:\wamp\www\app\thinkphp\lang\zh-cn.php
[ info ] [ BIND ] 'index'
[ info ] [ ROUTE ] array (
  'type' => 'module',
  'module' => 
  array (
    0 => 'index',
    1 => 'index',
    2 => 'info',
  ),
)
[ info ] [ HEADER ] array (
  'user-agent' => 'Mozilla/5.0 (Macintosh; Intel Mac OS X 10_12_1) AppleWebKit/537.36 (KHTML, like Gecko) Chrome/58.0.3029.110 Safari/537.36',
  'accept' => 'text/html,application/xhtml+xml,application/xml;q=0.9,*/*;q=0.8',
  'accept-language' => 'en-us',
  'accept-charset' => 'ISO-8859-1,utf-8;q=0.7,*;q=0.7)',
  'cache-control' => 'no-cache',
  'accept-encoding' => 'gzip,deflate',
  'connection' => 'close',
  'referer' => 'http://www.yeguofang.top/index/info/id/2.html',
  'host' => 'www.yeguofang.top',
)
[ info ] [ PARAM ] array (
  'id' => '2',
)
[ info ] [ RUN ] app\index\controller\Index->info[ C:\wamp\www\app\application\index\controller\Index.php ]
[ info ] [ DB ] INIT mysql
[ info ] [ DB ] INIT mysql
[ info ] [ DB ] INIT mysql
[ info ] [ VIEW ] C:\wamp\www\app\public/../application/index\view\index\info.html [ array (
  0 => 'tptc',
  1 => 'tpts',
  2 => 'data',
  3 => 'page',
) ]
[ info ] [ SESSION ] INIT array (
  'id' => '',
  'var_session_id' => '',
  'prefix' => 'think',
  'type' => '',
  'auto_start' => true,
  'expire' => 4200,
)
[ info ] [ LOG ] INIT File
[ sql ] [ DB ] CONNECT:[ UseTime:0.000645s ] mysql:dbname=shopp;host=127.0.0.1;charset=utf8
[ sql ] [ SQL ] SHOW COLUMNS FROM `category` [ RunTime:0.003308s ]
[ sql ] [ SQL ] SELECT * FROM `category` WHERE  (  gid = 0 ) ORDER BY pid ASC [ RunTime:0.000503s ]
[ sql ] [ DB ] CONNECT:[ UseTime:0.000511s ] mysql:dbname=shopp;host=127.0.0.1;charset=utf8
[ sql ] [ SQL ] SELECT * FROM `category` WHERE  (  gid != 0 ) ORDER BY pid ASC [ RunTime:0.000556s ]
[ sql ] [ DB ] CONNECT:[ UseTime:0.000482s ] mysql:dbname=shopp;host=127.0.0.1;charset=utf8
[ sql ] [ SQL ] SHOW COLUMNS FROM `goods` [ RunTime:0.003151s ]
[ sql ] [ SQL ] SELECT COUNT(*) AS tp_count FROM `goods` WHERE  `gid` = '2' LIMIT 1 [ RunTime:0.000475s ]
[ sql ] [ SQL ] SELECT * FROM `goods` WHERE  `gid` = '2' LIMIT 0,15 [ RunTime:0.000499s ]

---------------------------------------------------------------
[ 2018-05-16T23:17:33+08:00 ] 172.18.215.229 104.192.74.28 GET /index/index.html
[ log ] www.yeguofang.top/index/index.html [运行时间：0.072074s][吞吐率：13.87req/s] [内存消耗：4,383.53kb] [文件加载：54]
[ info ] [ LANG ] C:\wamp\www\app\thinkphp\lang\zh-cn.php
[ info ] [ BIND ] 'index'
[ info ] [ ROUTE ] array (
  'type' => 'module',
  'module' => 
  array (
    0 => 'index',
    1 => 'index',
    2 => 'index',
  ),
)
[ info ] [ HEADER ] array (
  'user-agent' => 'Mozilla/5.0 (Macintosh; Intel Mac OS X 10_12_1) AppleWebKit/537.36 (KHTML, like Gecko) Chrome/58.0.3029.110 Safari/537.36',
  'accept' => 'text/html,application/xhtml+xml,application/xml;q=0.9,*/*;q=0.8',
  'accept-language' => 'en-us',
  'accept-charset' => 'ISO-8859-1,utf-8;q=0.7,*;q=0.7)',
  'cache-control' => 'no-cache',
  'accept-encoding' => 'gzip,deflate',
  'connection' => 'close',
  'referer' => 'http://www.yeguofang.top/index/index.html',
  'host' => 'www.yeguofang.top',
)
[ info ] [ PARAM ] array (
)
[ info ] [ RUN ] app\index\controller\Index->index[ C:\wamp\www\app\application\index\controller\Index.php ]
[ info ] [ DB ] INIT mysql
[ info ] [ DB ] INIT mysql
[ info ] [ VIEW ] C:\wamp\www\app\public/../application/index\view\index\index.html [ array (
  0 => 'tptc',
  1 => 'tpts',
) ]
[ info ] [ SESSION ] INIT array (
  'id' => '',
  'var_session_id' => '',
  'prefix' => 'think',
  'type' => '',
  'auto_start' => true,
  'expire' => 4200,
)
[ info ] [ LOG ] INIT File
[ sql ] [ DB ] CONNECT:[ UseTime:0.000723s ] mysql:dbname=shopp;host=127.0.0.1;charset=utf8
[ sql ] [ SQL ] SHOW COLUMNS FROM `category` [ RunTime:0.003331s ]
[ sql ] [ SQL ] SELECT * FROM `category` WHERE  (  gid = 0 ) ORDER BY pid ASC [ RunTime:0.000562s ]
[ sql ] [ DB ] CONNECT:[ UseTime:0.000502s ] mysql:dbname=shopp;host=127.0.0.1;charset=utf8
[ sql ] [ SQL ] SELECT * FROM `category` WHERE  (  gid != 0 ) ORDER BY pid ASC [ RunTime:0.000482s ]

---------------------------------------------------------------
[ 2018-05-16T23:17:35+08:00 ] 172.18.215.229 104.192.74.28 GET /index/index.html
[ log ] www.yeguofang.top/index/index.html [运行时间：0.069823s][吞吐率：14.32req/s] [内存消耗：4,382.29kb] [文件加载：54]
[ info ] [ LANG ] C:\wamp\www\app\thinkphp\lang\zh-cn.php
[ info ] [ BIND ] 'index'
[ info ] [ ROUTE ] array (
  'type' => 'module',
  'module' => 
  array (
    0 => 'index',
    1 => 'index',
    2 => 'index',
  ),
)
[ info ] [ HEADER ] array (
  'accept-encoding' => 'gzip',
  'user-agent' => 'Mozilla',
  'host' => 'www.yeguofang.top',
  'accept' => 'text/html, image/gif, image/jpeg, *; q=.2, */*; q=.2',
  'connection' => 'keep-alive',
)
[ info ] [ PARAM ] array (
)
[ info ] [ RUN ] app\index\controller\Index->index[ C:\wamp\www\app\application\index\controller\Index.php ]
[ info ] [ DB ] INIT mysql
[ info ] [ DB ] INIT mysql
[ info ] [ VIEW ] C:\wamp\www\app\public/../application/index\view\index\index.html [ array (
  0 => 'tptc',
  1 => 'tpts',
) ]
[ info ] [ SESSION ] INIT array (
  'id' => '',
  'var_session_id' => '',
  'prefix' => 'think',
  'type' => '',
  'auto_start' => true,
  'expire' => 4200,
)
[ info ] [ LOG ] INIT File
[ sql ] [ DB ] CONNECT:[ UseTime:0.000742s ] mysql:dbname=shopp;host=127.0.0.1;charset=utf8
[ sql ] [ SQL ] SHOW COLUMNS FROM `category` [ RunTime:0.002514s ]
[ sql ] [ SQL ] SELECT * FROM `category` WHERE  (  gid = 0 ) ORDER BY pid ASC [ RunTime:0.000554s ]
[ sql ] [ DB ] CONNECT:[ UseTime:0.000490s ] mysql:dbname=shopp;host=127.0.0.1;charset=utf8
[ sql ] [ SQL ] SELECT * FROM `category` WHERE  (  gid != 0 ) ORDER BY pid ASC [ RunTime:0.000467s ]

---------------------------------------------------------------
[ 2018-05-16T23:17:37+08:00 ] 172.18.215.229 104.192.74.28 GET /index/info/id/3.html
[ log ] www.yeguofang.top/index/info/id/3.html [运行时间：0.082986s][吞吐率：12.05req/s] [内存消耗：4,631.61kb] [文件加载：57]
[ info ] [ LANG ] C:\wamp\www\app\thinkphp\lang\zh-cn.php
[ info ] [ BIND ] 'index'
[ info ] [ ROUTE ] array (
  'type' => 'module',
  'module' => 
  array (
    0 => 'index',
    1 => 'index',
    2 => 'info',
  ),
)
[ info ] [ HEADER ] array (
  'user-agent' => 'Mozilla/5.0 (Macintosh; Intel Mac OS X 10_12_1) AppleWebKit/537.36 (KHTML, like Gecko) Chrome/58.0.3029.110 Safari/537.36',
  'accept' => 'text/html,application/xhtml+xml,application/xml;q=0.9,*/*;q=0.8',
  'accept-language' => 'en-us',
  'accept-charset' => 'ISO-8859-1,utf-8;q=0.7,*;q=0.7)',
  'cache-control' => 'no-cache',
  'accept-encoding' => 'gzip,deflate',
  'connection' => 'close',
  'referer' => 'http://www.yeguofang.top/index/info/id/3.html',
  'host' => 'www.yeguofang.top',
)
[ info ] [ PARAM ] array (
  'id' => '3',
)
[ info ] [ RUN ] app\index\controller\Index->info[ C:\wamp\www\app\application\index\controller\Index.php ]
[ info ] [ DB ] INIT mysql
[ info ] [ DB ] INIT mysql
[ info ] [ DB ] INIT mysql
[ info ] [ VIEW ] C:\wamp\www\app\public/../application/index\view\index\info.html [ array (
  0 => 'tptc',
  1 => 'tpts',
  2 => 'data',
  3 => 'page',
) ]
[ info ] [ SESSION ] INIT array (
  'id' => '',
  'var_session_id' => '',
  'prefix' => 'think',
  'type' => '',
  'auto_start' => true,
  'expire' => 4200,
)
[ info ] [ LOG ] INIT File
[ sql ] [ DB ] CONNECT:[ UseTime:0.000776s ] mysql:dbname=shopp;host=127.0.0.1;charset=utf8
[ sql ] [ SQL ] SHOW COLUMNS FROM `category` [ RunTime:0.003201s ]
[ sql ] [ SQL ] SELECT * FROM `category` WHERE  (  gid = 0 ) ORDER BY pid ASC [ RunTime:0.000558s ]
[ sql ] [ DB ] CONNECT:[ UseTime:0.000508s ] mysql:dbname=shopp;host=127.0.0.1;charset=utf8
[ sql ] [ SQL ] SELECT * FROM `category` WHERE  (  gid != 0 ) ORDER BY pid ASC [ RunTime:0.000499s ]
[ sql ] [ DB ] CONNECT:[ UseTime:0.000504s ] mysql:dbname=shopp;host=127.0.0.1;charset=utf8
[ sql ] [ SQL ] SHOW COLUMNS FROM `goods` [ RunTime:0.003271s ]
[ sql ] [ SQL ] SELECT COUNT(*) AS tp_count FROM `goods` WHERE  `gid` = '3' LIMIT 1 [ RunTime:0.000542s ]
[ sql ] [ SQL ] SELECT * FROM `goods` WHERE  `gid` = '3' LIMIT 0,15 [ RunTime:0.000563s ]

---------------------------------------------------------------
[ 2018-05-16T23:17:37+08:00 ] 172.18.215.229 104.192.74.28 GET /index/info/id/1.html
[ log ] www.yeguofang.top/index/info/id/1.html [运行时间：0.083877s][吞吐率：11.92req/s] [内存消耗：4,629.99kb] [文件加载：57]
[ info ] [ LANG ] C:\wamp\www\app\thinkphp\lang\zh-cn.php
[ info ] [ BIND ] 'index'
[ info ] [ ROUTE ] array (
  'type' => 'module',
  'module' => 
  array (
    0 => 'index',
    1 => 'index',
    2 => 'info',
  ),
)
[ info ] [ HEADER ] array (
  'accept-encoding' => 'gzip',
  'user-agent' => 'Mozilla',
  'host' => 'www.yeguofang.top',
  'accept' => 'text/html, image/gif, image/jpeg, *; q=.2, */*; q=.2',
  'connection' => 'keep-alive',
)
[ info ] [ PARAM ] array (
  'id' => '1',
)
[ info ] [ RUN ] app\index\controller\Index->info[ C:\wamp\www\app\application\index\controller\Index.php ]
[ info ] [ DB ] INIT mysql
[ info ] [ DB ] INIT mysql
[ info ] [ DB ] INIT mysql
[ info ] [ VIEW ] C:\wamp\www\app\public/../application/index\view\index\info.html [ array (
  0 => 'tptc',
  1 => 'tpts',
  2 => 'data',
  3 => 'page',
) ]
[ info ] [ SESSION ] INIT array (
  'id' => '',
  'var_session_id' => '',
  'prefix' => 'think',
  'type' => '',
  'auto_start' => true,
  'expire' => 4200,
)
[ info ] [ LOG ] INIT File
[ sql ] [ DB ] CONNECT:[ UseTime:0.000753s ] mysql:dbname=shopp;host=127.0.0.1;charset=utf8
[ sql ] [ SQL ] SHOW COLUMNS FROM `category` [ RunTime:0.003793s ]
[ sql ] [ SQL ] SELECT * FROM `category` WHERE  (  gid = 0 ) ORDER BY pid ASC [ RunTime:0.000561s ]
[ sql ] [ DB ] CONNECT:[ UseTime:0.000536s ] mysql:dbname=shopp;host=127.0.0.1;charset=utf8
[ sql ] [ SQL ] SELECT * FROM `category` WHERE  (  gid != 0 ) ORDER BY pid ASC [ RunTime:0.000489s ]
[ sql ] [ DB ] CONNECT:[ UseTime:0.000530s ] mysql:dbname=shopp;host=127.0.0.1;charset=utf8
[ sql ] [ SQL ] SHOW COLUMNS FROM `goods` [ RunTime:0.003235s ]
[ sql ] [ SQL ] SELECT COUNT(*) AS tp_count FROM `goods` WHERE  `gid` = '1' LIMIT 1 [ RunTime:0.000557s ]
[ sql ] [ SQL ] SELECT * FROM `goods` WHERE  `gid` = '1' LIMIT 0,15 [ RunTime:0.000558s ]

---------------------------------------------------------------
[ 2018-05-16T23:17:38+08:00 ] 172.18.215.229 104.192.74.28 GET /index/info/id/3.html
[ log ] www.yeguofang.top/index/info/id/3.html [运行时间：0.080350s][吞吐率：12.45req/s] [内存消耗：4,629.99kb] [文件加载：57]
[ info ] [ LANG ] C:\wamp\www\app\thinkphp\lang\zh-cn.php
[ info ] [ BIND ] 'index'
[ info ] [ ROUTE ] array (
  'type' => 'module',
  'module' => 
  array (
    0 => 'index',
    1 => 'index',
    2 => 'info',
  ),
)
[ info ] [ HEADER ] array (
  'accept-encoding' => 'gzip',
  'user-agent' => 'Mozilla',
  'host' => 'www.yeguofang.top',
  'accept' => 'text/html, image/gif, image/jpeg, *; q=.2, */*; q=.2',
  'connection' => 'keep-alive',
)
[ info ] [ PARAM ] array (
  'id' => '3',
)
[ info ] [ RUN ] app\index\controller\Index->info[ C:\wamp\www\app\application\index\controller\Index.php ]
[ info ] [ DB ] INIT mysql
[ info ] [ DB ] INIT mysql
[ info ] [ DB ] INIT mysql
[ info ] [ VIEW ] C:\wamp\www\app\public/../application/index\view\index\info.html [ array (
  0 => 'tptc',
  1 => 'tpts',
  2 => 'data',
  3 => 'page',
) ]
[ info ] [ SESSION ] INIT array (
  'id' => '',
  'var_session_id' => '',
  'prefix' => 'think',
  'type' => '',
  'auto_start' => true,
  'expire' => 4200,
)
[ info ] [ LOG ] INIT File
[ sql ] [ DB ] CONNECT:[ UseTime:0.000722s ] mysql:dbname=shopp;host=127.0.0.1;charset=utf8
[ sql ] [ SQL ] SHOW COLUMNS FROM `category` [ RunTime:0.003252s ]
[ sql ] [ SQL ] SELECT * FROM `category` WHERE  (  gid = 0 ) ORDER BY pid ASC [ RunTime:0.000545s ]
[ sql ] [ DB ] CONNECT:[ UseTime:0.000493s ] mysql:dbname=shopp;host=127.0.0.1;charset=utf8
[ sql ] [ SQL ] SELECT * FROM `category` WHERE  (  gid != 0 ) ORDER BY pid ASC [ RunTime:0.000476s ]
[ sql ] [ DB ] CONNECT:[ UseTime:0.000492s ] mysql:dbname=shopp;host=127.0.0.1;charset=utf8
[ sql ] [ SQL ] SHOW COLUMNS FROM `goods` [ RunTime:0.003220s ]
[ sql ] [ SQL ] SELECT COUNT(*) AS tp_count FROM `goods` WHERE  `gid` = '3' LIMIT 1 [ RunTime:0.000508s ]
[ sql ] [ SQL ] SELECT * FROM `goods` WHERE  `gid` = '3' LIMIT 0,15 [ RunTime:0.000540s ]

---------------------------------------------------------------
[ 2018-05-16T23:17:38+08:00 ] 172.18.215.229 104.192.74.28 GET /index/info/id/2.html
[ log ] www.yeguofang.top/index/info/id/2.html [运行时间：0.080246s][吞吐率：12.46req/s] [内存消耗：4,629.99kb] [文件加载：57]
[ info ] [ LANG ] C:\wamp\www\app\thinkphp\lang\zh-cn.php
[ info ] [ BIND ] 'index'
[ info ] [ ROUTE ] array (
  'type' => 'module',
  'module' => 
  array (
    0 => 'index',
    1 => 'index',
    2 => 'info',
  ),
)
[ info ] [ HEADER ] array (
  'accept-encoding' => 'gzip',
  'user-agent' => 'Mozilla',
  'host' => 'www.yeguofang.top',
  'accept' => 'text/html, image/gif, image/jpeg, *; q=.2, */*; q=.2',
  'connection' => 'keep-alive',
)
[ info ] [ PARAM ] array (
  'id' => '2',
)
[ info ] [ RUN ] app\index\controller\Index->info[ C:\wamp\www\app\application\index\controller\Index.php ]
[ info ] [ DB ] INIT mysql
[ info ] [ DB ] INIT mysql
[ info ] [ DB ] INIT mysql
[ info ] [ VIEW ] C:\wamp\www\app\public/../application/index\view\index\info.html [ array (
  0 => 'tptc',
  1 => 'tpts',
  2 => 'data',
  3 => 'page',
) ]
[ info ] [ SESSION ] INIT array (
  'id' => '',
  'var_session_id' => '',
  'prefix' => 'think',
  'type' => '',
  'auto_start' => true,
  'expire' => 4200,
)
[ info ] [ LOG ] INIT File
[ sql ] [ DB ] CONNECT:[ UseTime:0.000732s ] mysql:dbname=shopp;host=127.0.0.1;charset=utf8
[ sql ] [ SQL ] SHOW COLUMNS FROM `category` [ RunTime:0.003941s ]
[ sql ] [ SQL ] SELECT * FROM `category` WHERE  (  gid = 0 ) ORDER BY pid ASC [ RunTime:0.000540s ]
[ sql ] [ DB ] CONNECT:[ UseTime:0.000486s ] mysql:dbname=shopp;host=127.0.0.1;charset=utf8
[ sql ] [ SQL ] SELECT * FROM `category` WHERE  (  gid != 0 ) ORDER BY pid ASC [ RunTime:0.000462s ]
[ sql ] [ DB ] CONNECT:[ UseTime:0.000487s ] mysql:dbname=shopp;host=127.0.0.1;charset=utf8
[ sql ] [ SQL ] SHOW COLUMNS FROM `goods` [ RunTime:0.003316s ]
[ sql ] [ SQL ] SELECT COUNT(*) AS tp_count FROM `goods` WHERE  `gid` = '2' LIMIT 1 [ RunTime:0.000502s ]
[ sql ] [ SQL ] SELECT * FROM `goods` WHERE  `gid` = '2' LIMIT 0,15 [ RunTime:0.000537s ]

---------------------------------------------------------------
[ 2018-05-16T23:17:39+08:00 ] 172.18.215.229 104.192.74.28 GET /index/sort.html
[ log ] www.yeguofang.top/index/sort.html [运行时间：0.066813s][吞吐率：14.97req/s] [内存消耗：4,630.91kb] [文件加载：56]
[ info ] [ LANG ] C:\wamp\www\app\thinkphp\lang\zh-cn.php
[ info ] [ BIND ] 'index'
[ info ] [ ROUTE ] array (
  'type' => 'module',
  'module' => 
  array (
    0 => 'index',
    1 => 'index',
    2 => 'sort',
  ),
)
[ info ] [ HEADER ] array (
  'user-agent' => 'Mozilla/5.0 (Macintosh; Intel Mac OS X 10_12_1) AppleWebKit/537.36 (KHTML, like Gecko) Chrome/58.0.3029.110 Safari/537.36',
  'accept' => 'text/html,application/xhtml+xml,application/xml;q=0.9,*/*;q=0.8',
  'accept-language' => 'en-us',
  'accept-charset' => 'ISO-8859-1,utf-8;q=0.7,*;q=0.7)',
  'cache-control' => 'no-cache',
  'accept-encoding' => 'gzip,deflate',
  'connection' => 'close',
  'referer' => 'http://www.yeguofang.top/index/sort.html',
  'host' => 'www.yeguofang.top',
)
[ info ] [ PARAM ] array (
)
[ info ] [ RUN ] app\index\controller\Index->sort[ C:\wamp\www\app\application\index\controller\Index.php ]
[ info ] [ DB ] INIT mysql
[ info ] [ DB ] INIT mysql
[ info ] [ VIEW ] C:\wamp\www\app\public/../application/index\view\index\sort.html [ array (
  0 => 'tptc',
  1 => 'tpts',
) ]
[ info ] [ LOG ] INIT File
[ sql ] [ DB ] CONNECT:[ UseTime:0.000735s ] mysql:dbname=shopp;host=127.0.0.1;charset=utf8
[ sql ] [ SQL ] SHOW COLUMNS FROM `category` [ RunTime:0.003303s ]
[ sql ] [ SQL ] SELECT * FROM `category` WHERE  (  gid = 0 ) ORDER BY pid ASC [ RunTime:0.000533s ]
[ sql ] [ DB ] CONNECT:[ UseTime:0.000492s ] mysql:dbname=shopp;host=127.0.0.1;charset=utf8
[ sql ] [ SQL ] SELECT * FROM `category` WHERE  (  gid != 0 ) ORDER BY pid ASC [ RunTime:0.000466s ]

---------------------------------------------------------------
[ 2018-05-16T23:17:41+08:00 ] 172.18.215.229 104.192.74.28 GET /index/shopcart.html
[ log ] www.yeguofang.top/index/shopcart.html [运行时间：0.043194s][吞吐率：23.15req/s] [内存消耗：3,321.75kb] [文件加载：49]
[ info ] [ LANG ] C:\wamp\www\app\thinkphp\lang\zh-cn.php
[ info ] [ BIND ] 'index'
[ info ] [ ROUTE ] array (
  'type' => 'module',
  'module' => 
  array (
    0 => 'index',
    1 => 'index',
    2 => 'shopcart',
  ),
)
[ info ] [ HEADER ] array (
  'user-agent' => 'Mozilla/5.0 (Macintosh; Intel Mac OS X 10_12_1) AppleWebKit/537.36 (KHTML, like Gecko) Chrome/58.0.3029.110 Safari/537.36',
  'accept' => 'text/html,application/xhtml+xml,application/xml;q=0.9,*/*;q=0.8',
  'accept-language' => 'en-us',
  'accept-charset' => 'ISO-8859-1,utf-8;q=0.7,*;q=0.7)',
  'cache-control' => 'no-cache',
  'accept-encoding' => 'gzip,deflate',
  'connection' => 'close',
  'referer' => 'http://www.yeguofang.top/index/shopcart.html',
  'host' => 'www.yeguofang.top',
)
[ info ] [ PARAM ] array (
)
[ info ] [ RUN ] app\index\controller\Index->shopcart[ C:\wamp\www\app\application\index\controller\Index.php ]
[ info ] [ VIEW ] C:\wamp\www\app\public/../application/index\view\index\shopcart.html [ array (
) ]
[ info ] [ LOG ] INIT File

---------------------------------------------------------------
[ 2018-05-16T23:17:42+08:00 ] 172.18.215.229 104.192.74.28 GET /index/introduction.html
[ log ] www.yeguofang.top/index/introduction.html [运行时间：0.067133s][吞吐率：14.90req/s] [内存消耗：4,640.34kb] [文件加载：56]
[ info ] [ LANG ] C:\wamp\www\app\thinkphp\lang\zh-cn.php
[ info ] [ BIND ] 'index'
[ info ] [ ROUTE ] array (
  'type' => 'module',
  'module' => 
  array (
    0 => 'index',
    1 => 'index',
    2 => 'introduction',
  ),
)
[ info ] [ HEADER ] array (
  'user-agent' => 'Mozilla/5.0 (Macintosh; Intel Mac OS X 10_12_1) AppleWebKit/537.36 (KHTML, like Gecko) Chrome/58.0.3029.110 Safari/537.36',
  'accept' => 'text/html,application/xhtml+xml,application/xml;q=0.9,*/*;q=0.8',
  'accept-language' => 'en-us',
  'accept-charset' => 'ISO-8859-1,utf-8;q=0.7,*;q=0.7)',
  'cache-control' => 'no-cache',
  'accept-encoding' => 'gzip,deflate',
  'connection' => 'close',
  'referer' => 'http://www.yeguofang.top/index/introduction.html',
  'host' => 'www.yeguofang.top',
)
[ info ] [ PARAM ] array (
)
[ info ] [ RUN ] app\index\controller\Index->introduction[ C:\wamp\www\app\application\index\controller\Index.php ]
[ info ] [ DB ] INIT mysql
[ info ] [ VIEW ] C:\wamp\www\app\public/../application/index\view\index\introduction.html [ array (
  0 => 'data',
) ]
[ info ] [ SESSION ] INIT array (
  'id' => '',
  'var_session_id' => '',
  'prefix' => 'think',
  'type' => '',
  'auto_start' => true,
  'expire' => 4200,
)
[ info ] [ LOG ] INIT File
[ sql ] [ DB ] CONNECT:[ UseTime:0.000713s ] mysql:dbname=shopp;host=127.0.0.1;charset=utf8
[ sql ] [ SQL ] SHOW COLUMNS FROM `goods` [ RunTime:0.002728s ]
[ sql ] [ SQL ] SELECT * FROM `goods` WHERE  `goid` IS NULL LIMIT 1 [ RunTime:0.000488s ]

---------------------------------------------------------------
[ 2018-05-16T23:17:43+08:00 ] 172.18.215.229 104.192.74.28 GET /index/shopcart.html
[ log ] www.yeguofang.top/index/shopcart.html [运行时间：0.039230s][吞吐率：25.49req/s] [内存消耗：3,051.94kb] [文件加载：47]
[ info ] [ LANG ] C:\wamp\www\app\thinkphp\lang\zh-cn.php
[ info ] [ BIND ] 'index'
[ info ] [ ROUTE ] array (
  'type' => 'module',
  'module' => 
  array (
    0 => 'index',
    1 => 'index',
    2 => 'shopcart',
  ),
)
[ info ] [ HEADER ] array (
  'accept-encoding' => 'gzip',
  'user-agent' => 'Mozilla',
  'host' => 'www.yeguofang.top',
  'accept' => 'text/html, image/gif, image/jpeg, *; q=.2, */*; q=.2',
  'connection' => 'keep-alive',
)
[ info ] [ PARAM ] array (
)
[ info ] [ RUN ] app\index\controller\Index->shopcart[ C:\wamp\www\app\application\index\controller\Index.php ]
[ info ] [ VIEW ] C:\wamp\www\app\public/../application/index\view\index\shopcart.html [ array (
) ]
[ info ] [ LOG ] INIT File

---------------------------------------------------------------
[ 2018-05-16T23:17:45+08:00 ] 172.18.215.229 104.192.74.28 GET /member/index.html
[ log ] www.yeguofang.top/member/index.html [运行时间：0.054395s][吞吐率：18.38req/s] [内存消耗：3,303.89kb] [文件加载：49]
[ info ] [ LANG ] C:\wamp\www\app\thinkphp\lang\zh-cn.php
[ info ] [ BIND ] 'index'
[ info ] [ ROUTE ] array (
  'type' => 'module',
  'module' => 
  array (
    0 => 'index',
    1 => 'member',
    2 => 'index',
  ),
)
[ info ] [ HEADER ] array (
  'user-agent' => 'Mozilla/5.0 (Macintosh; Intel Mac OS X 10_12_1) AppleWebKit/537.36 (KHTML, like Gecko) Chrome/58.0.3029.110 Safari/537.36',
  'accept' => 'text/html,application/xhtml+xml,application/xml;q=0.9,*/*;q=0.8',
  'accept-language' => 'en-us',
  'accept-charset' => 'ISO-8859-1,utf-8;q=0.7,*;q=0.7)',
  'cache-control' => 'no-cache',
  'accept-encoding' => 'gzip,deflate',
  'connection' => 'close',
  'referer' => 'http://www.yeguofang.top/member/index.html',
  'host' => 'www.yeguofang.top',
)
[ info ] [ PARAM ] array (
)
[ info ] [ RUN ] app\index\controller\Member->index[ C:\wamp\www\app\application\index\controller\Member.php ]
[ info ] [ VIEW ] C:\wamp\www\app\public/../application/index\view\member\index.html [ array (
) ]
[ info ] [ SESSION ] INIT array (
  'id' => '',
  'var_session_id' => '',
  'prefix' => 'think',
  'type' => '',
  'auto_start' => true,
  'expire' => 4200,
)
[ info ] [ LOG ] INIT File

---------------------------------------------------------------
[ 2018-05-16T23:17:45+08:00 ] 172.18.215.229 104.192.74.28 GET /index/introduction.html
[ log ] www.yeguofang.top/index/introduction.html [运行时间：0.062201s][吞吐率：16.08req/s] [内存消耗：4,346.10kb] [文件加载：54]
[ info ] [ LANG ] C:\wamp\www\app\thinkphp\lang\zh-cn.php
[ info ] [ BIND ] 'index'
[ info ] [ ROUTE ] array (
  'type' => 'module',
  'module' => 
  array (
    0 => 'index',
    1 => 'index',
    2 => 'introduction',
  ),
)
[ info ] [ HEADER ] array (
  'accept-encoding' => 'gzip',
  'user-agent' => 'Mozilla',
  'host' => 'www.yeguofang.top',
  'accept' => 'text/html, image/gif, image/jpeg, *; q=.2, */*; q=.2',
  'connection' => 'keep-alive',
)
[ info ] [ PARAM ] array (
)
[ info ] [ RUN ] app\index\controller\Index->introduction[ C:\wamp\www\app\application\index\controller\Index.php ]
[ info ] [ DB ] INIT mysql
[ info ] [ VIEW ] C:\wamp\www\app\public/../application/index\view\index\introduction.html [ array (
  0 => 'data',
) ]
[ info ] [ SESSION ] INIT array (
  'id' => '',
  'var_session_id' => '',
  'prefix' => 'think',
  'type' => '',
  'auto_start' => true,
  'expire' => 4200,
)
[ info ] [ LOG ] INIT File
[ sql ] [ DB ] CONNECT:[ UseTime:0.000818s ] mysql:dbname=shopp;host=127.0.0.1;charset=utf8
[ sql ] [ SQL ] SHOW COLUMNS FROM `goods` [ RunTime:0.002828s ]
[ sql ] [ SQL ] SELECT * FROM `goods` WHERE  `goid` IS NULL LIMIT 1 [ RunTime:0.000465s ]

---------------------------------------------------------------
[ 2018-05-16T23:17:55+08:00 ] 172.18.215.229 104.192.74.28 GET /member/index.html
[ log ] www.yeguofang.top/member/index.html [运行时间：0.049369s][吞吐率：20.26req/s] [内存消耗：3,027.20kb] [文件加载：47]
[ info ] [ LANG ] C:\wamp\www\app\thinkphp\lang\zh-cn.php
[ info ] [ BIND ] 'index'
[ info ] [ ROUTE ] array (
  'type' => 'module',
  'module' => 
  array (
    0 => 'index',
    1 => 'member',
    2 => 'index',
  ),
)
[ info ] [ HEADER ] array (
  'accept-encoding' => 'gzip',
  'user-agent' => 'Mozilla',
  'host' => 'www.yeguofang.top',
  'accept' => 'text/html, image/gif, image/jpeg, *; q=.2, */*; q=.2',
  'connection' => 'keep-alive',
)
[ info ] [ PARAM ] array (
)
[ info ] [ RUN ] app\index\controller\Member->index[ C:\wamp\www\app\application\index\controller\Member.php ]
[ info ] [ VIEW ] C:\wamp\www\app\public/../application/index\view\member\index.html [ array (
) ]
[ info ] [ SESSION ] INIT array (
  'id' => '',
  'var_session_id' => '',
  'prefix' => 'think',
  'type' => '',
  'auto_start' => true,
  'expire' => 4200,
)
[ info ] [ LOG ] INIT File

---------------------------------------------------------------
[ 2018-05-16T23:17:56+08:00 ] 172.18.215.229 104.192.74.28 GET /login/register.html
[ log ] www.yeguofang.top/login/register.html [运行时间：0.040532s][吞吐率：24.67req/s] [内存消耗：2,520.84kb] [文件加载：42]
[ info ] [ LANG ] C:\wamp\www\app\thinkphp\lang\zh-cn.php
[ info ] [ BIND ] 'index'
[ info ] [ ROUTE ] array (
  'type' => 'module',
  'module' => 
  array (
    0 => 'index',
    1 => 'login',
    2 => 'register',
  ),
)
[ info ] [ HEADER ] array (
  'user-agent' => 'Mozilla/5.0 (Macintosh; Intel Mac OS X 10_12_1) AppleWebKit/537.36 (KHTML, like Gecko) Chrome/58.0.3029.110 Safari/537.36',
  'accept' => 'text/html,application/xhtml+xml,application/xml;q=0.9,*/*;q=0.8',
  'accept-language' => 'en-us',
  'accept-charset' => 'ISO-8859-1,utf-8;q=0.7,*;q=0.7)',
  'cache-control' => 'no-cache',
  'accept-encoding' => 'gzip,deflate',
  'connection' => 'close',
  'referer' => 'http://www.yeguofang.top/login/register.html',
  'host' => 'www.yeguofang.top',
)
[ info ] [ PARAM ] array (
)
[ info ] [ LOG ] INIT File
[ error ] [64]Namespace declaration statement has to be the very first statement in the script[C:\wamp\www\app\application\index\controller\Login.php:2]

---------------------------------------------------------------
[ 2018-05-16T23:18:01+08:00 ] 172.18.215.229 104.192.74.28 GET /login/register.html
[ log ] www.yeguofang.top/login/register.html [运行时间：0.040156s][吞吐率：24.90req/s] [内存消耗：2,519.44kb] [文件加载：42]
[ info ] [ LANG ] C:\wamp\www\app\thinkphp\lang\zh-cn.php
[ info ] [ BIND ] 'index'
[ info ] [ ROUTE ] array (
  'type' => 'module',
  'module' => 
  array (
    0 => 'index',
    1 => 'login',
    2 => 'register',
  ),
)
[ info ] [ HEADER ] array (
  'accept-encoding' => 'gzip',
  'user-agent' => 'Mozilla',
  'host' => 'www.yeguofang.top',
  'accept' => 'text/html, image/gif, image/jpeg, *; q=.2, */*; q=.2',
  'connection' => 'keep-alive',
)
[ info ] [ PARAM ] array (
)
[ info ] [ LOG ] INIT File
[ error ] [64]Namespace declaration statement has to be the very first statement in the script[C:\wamp\www\app\application\index\controller\Login.php:2]

---------------------------------------------------------------
[ 2018-05-16T23:18:02+08:00 ] 172.18.215.229 104.192.74.28 GET /login/login.html
[ log ] www.yeguofang.top/login/login.html [运行时间：0.039369s][吞吐率：25.40req/s] [内存消耗：2,520.80kb] [文件加载：42]
[ info ] [ LANG ] C:\wamp\www\app\thinkphp\lang\zh-cn.php
[ info ] [ BIND ] 'index'
[ info ] [ ROUTE ] array (
  'type' => 'module',
  'module' => 
  array (
    0 => 'index',
    1 => 'login',
    2 => 'login',
  ),
)
[ info ] [ HEADER ] array (
  'user-agent' => 'Mozilla/5.0 (Macintosh; Intel Mac OS X 10_12_1) AppleWebKit/537.36 (KHTML, like Gecko) Chrome/58.0.3029.110 Safari/537.36',
  'accept' => 'text/html,application/xhtml+xml,application/xml;q=0.9,*/*;q=0.8',
  'accept-language' => 'en-us',
  'accept-charset' => 'ISO-8859-1,utf-8;q=0.7,*;q=0.7)',
  'cache-control' => 'no-cache',
  'accept-encoding' => 'gzip,deflate',
  'connection' => 'close',
  'referer' => 'http://www.yeguofang.top/login/login.html',
  'host' => 'www.yeguofang.top',
)
[ info ] [ PARAM ] array (
)
[ info ] [ LOG ] INIT File
[ error ] [64]Namespace declaration statement has to be the very first statement in the script[C:\wamp\www\app\application\index\controller\Login.php:2]

---------------------------------------------------------------
[ 2018-05-16T23:18:03+08:00 ] 172.18.215.229 104.192.74.28 GET /login/login.html
[ log ] www.yeguofang.top/login/login.html [运行时间：0.037118s][吞吐率：26.94req/s] [内存消耗：2,519.39kb] [文件加载：42]
[ info ] [ LANG ] C:\wamp\www\app\thinkphp\lang\zh-cn.php
[ info ] [ BIND ] 'index'
[ info ] [ ROUTE ] array (
  'type' => 'module',
  'module' => 
  array (
    0 => 'index',
    1 => 'login',
    2 => 'login',
  ),
)
[ info ] [ HEADER ] array (
  'accept-encoding' => 'gzip',
  'user-agent' => 'Mozilla',
  'host' => 'www.yeguofang.top',
  'accept' => 'text/html, image/gif, image/jpeg, *; q=.2, */*; q=.2',
  'connection' => 'keep-alive',
)
[ info ] [ PARAM ] array (
)
[ info ] [ LOG ] INIT File
[ error ] [64]Namespace declaration statement has to be the very first statement in the script[C:\wamp\www\app\application\index\controller\Login.php:2]

---------------------------------------------------------------
[ 2018-05-16T23:18:05+08:00 ] 172.18.215.229 104.192.74.28 GET /index/info/id/introduction.html
[ log ] www.yeguofang.top/index/info/id/introduction.html [运行时间：0.079657s][吞吐率：12.55req/s] [内存消耗：4,628.43kb] [文件加载：57]
[ info ] [ LANG ] C:\wamp\www\app\thinkphp\lang\zh-cn.php
[ info ] [ BIND ] 'index'
[ info ] [ ROUTE ] array (
  'type' => 'module',
  'module' => 
  array (
    0 => 'index',
    1 => 'index',
    2 => 'info',
  ),
)
[ info ] [ HEADER ] array (
  'user-agent' => 'Mozilla/5.0 (Macintosh; Intel Mac OS X 10_12_1) AppleWebKit/537.36 (KHTML, like Gecko) Chrome/58.0.3029.110 Safari/537.36',
  'accept' => 'text/html,application/xhtml+xml,application/xml;q=0.9,*/*;q=0.8',
  'accept-language' => 'en-us',
  'accept-charset' => 'ISO-8859-1,utf-8;q=0.7,*;q=0.7)',
  'cache-control' => 'no-cache',
  'accept-encoding' => 'gzip,deflate',
  'connection' => 'close',
  'referer' => 'http://www.yeguofang.top/index/info/id/introduction.html',
  'host' => 'www.yeguofang.top',
)
[ info ] [ PARAM ] array (
  'id' => 'introduction',
)
[ info ] [ RUN ] app\index\controller\Index->info[ C:\wamp\www\app\application\index\controller\Index.php ]
[ info ] [ DB ] INIT mysql
[ info ] [ DB ] INIT mysql
[ info ] [ DB ] INIT mysql
[ info ] [ VIEW ] C:\wamp\www\app\public/../application/index\view\index\info.html [ array (
  0 => 'tptc',
  1 => 'tpts',
  2 => 'data',
  3 => 'page',
) ]
[ info ] [ SESSION ] INIT array (
  'id' => '',
  'var_session_id' => '',
  'prefix' => 'think',
  'type' => '',
  'auto_start' => true,
  'expire' => 4200,
)
[ info ] [ LOG ] INIT File
[ sql ] [ DB ] CONNECT:[ UseTime:0.000681s ] mysql:dbname=shopp;host=127.0.0.1;charset=utf8
[ sql ] [ SQL ] SHOW COLUMNS FROM `category` [ RunTime:0.002900s ]
[ sql ] [ SQL ] SELECT * FROM `category` WHERE  (  gid = 0 ) ORDER BY pid ASC [ RunTime:0.000517s ]
[ sql ] [ DB ] CONNECT:[ UseTime:0.000482s ] mysql:dbname=shopp;host=127.0.0.1;charset=utf8
[ sql ] [ SQL ] SELECT * FROM `category` WHERE  (  gid != 0 ) ORDER BY pid ASC [ RunTime:0.000467s ]
[ sql ] [ DB ] CONNECT:[ UseTime:0.000485s ] mysql:dbname=shopp;host=127.0.0.1;charset=utf8
[ sql ] [ SQL ] SHOW COLUMNS FROM `goods` [ RunTime:0.002770s ]
[ sql ] [ SQL ] SELECT COUNT(*) AS tp_count FROM `goods` WHERE  `gid` = 'introduction' LIMIT 1 [ RunTime:0.000467s ]
[ sql ] [ SQL ] SELECT * FROM `goods` WHERE  `gid` = 'introduction' LIMIT 0,15 [ RunTime:0.000495s ]

---------------------------------------------------------------
[ 2018-05-16T23:18:05+08:00 ] 172.18.215.229 104.192.74.28 GET /index/introduction/id/111.html
[ log ] www.yeguofang.top/index/introduction/id/111.html [运行时间：0.061099s][吞吐率：16.37req/s] [内存消耗：4,352.59kb] [文件加载：54]
[ info ] [ LANG ] C:\wamp\www\app\thinkphp\lang\zh-cn.php
[ info ] [ BIND ] 'index'
[ info ] [ ROUTE ] array (
  'type' => 'module',
  'module' => 
  array (
    0 => 'index',
    1 => 'index',
    2 => 'introduction',
  ),
)
[ info ] [ HEADER ] array (
  'user-agent' => 'Mozilla/5.0 (Macintosh; Intel Mac OS X 10_12_1) AppleWebKit/537.36 (KHTML, like Gecko) Chrome/58.0.3029.110 Safari/537.36',
  'accept' => 'text/html,application/xhtml+xml,application/xml;q=0.9,*/*;q=0.8',
  'accept-language' => 'en-us',
  'accept-charset' => 'ISO-8859-1,utf-8;q=0.7,*;q=0.7)',
  'cache-control' => 'no-cache',
  'accept-encoding' => 'gzip,deflate',
  'connection' => 'close',
  'referer' => 'http://www.yeguofang.top/index/introduction/id/111.html',
  'host' => 'www.yeguofang.top',
)
[ info ] [ PARAM ] array (
  'id' => '111',
)
[ info ] [ RUN ] app\index\controller\Index->introduction[ C:\wamp\www\app\application\index\controller\Index.php ]
[ info ] [ DB ] INIT mysql
[ info ] [ VIEW ] C:\wamp\www\app\public/../application/index\view\index\introduction.html [ array (
  0 => 'data',
) ]
[ info ] [ SESSION ] INIT array (
  'id' => '',
  'var_session_id' => '',
  'prefix' => 'think',
  'type' => '',
  'auto_start' => true,
  'expire' => 4200,
)
[ info ] [ LOG ] INIT File
[ sql ] [ DB ] CONNECT:[ UseTime:0.000671s ] mysql:dbname=shopp;host=127.0.0.1;charset=utf8
[ sql ] [ SQL ] SHOW COLUMNS FROM `goods` [ RunTime:0.003370s ]
[ sql ] [ SQL ] SELECT * FROM `goods` WHERE  `goid` = 111 LIMIT 1 [ RunTime:0.000577s ]

---------------------------------------------------------------
[ 2018-05-16T23:18:09+08:00 ] 172.18.215.229 104.192.74.28 GET /index/info/id/introduction.html
[ log ] www.yeguofang.top/index/info/id/introduction.html [运行时间：0.083016s][吞吐率：12.05req/s] [内存消耗：4,627.41kb] [文件加载：57]
[ info ] [ LANG ] C:\wamp\www\app\thinkphp\lang\zh-cn.php
[ info ] [ BIND ] 'index'
[ info ] [ ROUTE ] array (
  'type' => 'module',
  'module' => 
  array (
    0 => 'index',
    1 => 'index',
    2 => 'info',
  ),
)
[ info ] [ HEADER ] array (
  'accept-encoding' => 'gzip',
  'user-agent' => 'Mozilla',
  'host' => 'www.yeguofang.top',
  'accept' => 'text/html, image/gif, image/jpeg, *; q=.2, */*; q=.2',
  'connection' => 'keep-alive',
)
[ info ] [ PARAM ] array (
  'id' => 'introduction',
)
[ info ] [ RUN ] app\index\controller\Index->info[ C:\wamp\www\app\application\index\controller\Index.php ]
[ info ] [ DB ] INIT mysql
[ info ] [ DB ] INIT mysql
[ info ] [ DB ] INIT mysql
[ info ] [ VIEW ] C:\wamp\www\app\public/../application/index\view\index\info.html [ array (
  0 => 'tptc',
  1 => 'tpts',
  2 => 'data',
  3 => 'page',
) ]
[ info ] [ SESSION ] INIT array (
  'id' => '',
  'var_session_id' => '',
  'prefix' => 'think',
  'type' => '',
  'auto_start' => true,
  'expire' => 4200,
)
[ info ] [ LOG ] INIT File
[ sql ] [ DB ] CONNECT:[ UseTime:0.000685s ] mysql:dbname=shopp;host=127.0.0.1;charset=utf8
[ sql ] [ SQL ] SHOW COLUMNS FROM `category` [ RunTime:0.003352s ]
[ sql ] [ SQL ] SELECT * FROM `category` WHERE  (  gid = 0 ) ORDER BY pid ASC [ RunTime:0.000531s ]
[ sql ] [ DB ] CONNECT:[ UseTime:0.000505s ] mysql:dbname=shopp;host=127.0.0.1;charset=utf8
[ sql ] [ SQL ] SELECT * FROM `category` WHERE  (  gid != 0 ) ORDER BY pid ASC [ RunTime:0.000478s ]
[ sql ] [ DB ] CONNECT:[ UseTime:0.000505s ] mysql:dbname=shopp;host=127.0.0.1;charset=utf8
[ sql ] [ SQL ] SHOW COLUMNS FROM `goods` [ RunTime:0.002792s ]
[ sql ] [ SQL ] SELECT COUNT(*) AS tp_count FROM `goods` WHERE  `gid` = 'introduction' LIMIT 1 [ RunTime:0.000627s ]
[ sql ] [ SQL ] SELECT * FROM `goods` WHERE  `gid` = 'introduction' LIMIT 0,15 [ RunTime:0.000519s ]

---------------------------------------------------------------
[ 2018-05-16T23:18:09+08:00 ] 172.18.215.229 104.192.74.28 GET /index/introduction/id/111.html
[ log ] www.yeguofang.top/index/introduction/id/111.html [运行时间：0.063478s][吞吐率：15.75req/s] [内存消耗：4,351.52kb] [文件加载：54]
[ info ] [ LANG ] C:\wamp\www\app\thinkphp\lang\zh-cn.php
[ info ] [ BIND ] 'index'
[ info ] [ ROUTE ] array (
  'type' => 'module',
  'module' => 
  array (
    0 => 'index',
    1 => 'index',
    2 => 'introduction',
  ),
)
[ info ] [ HEADER ] array (
  'accept-encoding' => 'gzip',
  'user-agent' => 'Mozilla',
  'host' => 'www.yeguofang.top',
  'accept' => 'text/html, image/gif, image/jpeg, *; q=.2, */*; q=.2',
  'connection' => 'keep-alive',
)
[ info ] [ PARAM ] array (
  'id' => '111',
)
[ info ] [ RUN ] app\index\controller\Index->introduction[ C:\wamp\www\app\application\index\controller\Index.php ]
[ info ] [ DB ] INIT mysql
[ info ] [ VIEW ] C:\wamp\www\app\public/../application/index\view\index\introduction.html [ array (
  0 => 'data',
) ]
[ info ] [ SESSION ] INIT array (
  'id' => '',
  'var_session_id' => '',
  'prefix' => 'think',
  'type' => '',
  'auto_start' => true,
  'expire' => 4200,
)
[ info ] [ LOG ] INIT File
[ sql ] [ DB ] CONNECT:[ UseTime:0.002324s ] mysql:dbname=shopp;host=127.0.0.1;charset=utf8
[ sql ] [ SQL ] SHOW COLUMNS FROM `goods` [ RunTime:0.003187s ]
[ sql ] [ SQL ] SELECT * FROM `goods` WHERE  `goid` = 111 LIMIT 1 [ RunTime:0.000628s ]

---------------------------------------------------------------
[ 2018-05-16T23:18:10+08:00 ] 172.18.215.229 104.192.74.28 GET /member/index.htmll
[ log ] www.yeguofang.top/member/index.htmll [运行时间：0.042530s][吞吐率：23.51req/s] [内存消耗：2,994.35kb] [文件加载：48]
[ info ] [ LANG ] C:\wamp\www\app\thinkphp\lang\zh-cn.php
[ info ] [ BIND ] 'index'
[ info ] [ ROUTE ] array (
  'type' => 'module',
  'module' => 
  array (
    0 => 'index',
    1 => 'member',
    2 => 'index.htmll',
  ),
)
[ info ] [ HEADER ] array (
  'user-agent' => 'Mozilla/5.0 (Macintosh; Intel Mac OS X 10_12_1) AppleWebKit/537.36 (KHTML, like Gecko) Chrome/58.0.3029.110 Safari/537.36',
  'accept' => 'text/html,application/xhtml+xml,application/xml;q=0.9,*/*;q=0.8',
  'accept-language' => 'en-us',
  'accept-charset' => 'ISO-8859-1,utf-8;q=0.7,*;q=0.7)',
  'cache-control' => 'no-cache',
  'accept-encoding' => 'gzip,deflate',
  'connection' => 'close',
  'referer' => 'http://www.yeguofang.top/member/index.htmll',
  'host' => 'www.yeguofang.top',
)
[ info ] [ PARAM ] array (
)
[ info ] [ LOG ] INIT File

---------------------------------------------------------------
[ 2018-05-16T23:18:11+08:00 ] 172.18.215.229 104.192.74.28 GET /member/index.htmll
[ log ] www.yeguofang.top/member/index.htmll [运行时间：0.044448s][吞吐率：22.50req/s] [内存消耗：2,992.82kb] [文件加载：48]
[ info ] [ LANG ] C:\wamp\www\app\thinkphp\lang\zh-cn.php
[ info ] [ BIND ] 'index'
[ info ] [ ROUTE ] array (
  'type' => 'module',
  'module' => 
  array (
    0 => 'index',
    1 => 'member',
    2 => 'index.htmll',
  ),
)
[ info ] [ HEADER ] array (
  'accept-encoding' => 'gzip',
  'user-agent' => 'Mozilla',
  'host' => 'www.yeguofang.top',
  'accept' => 'text/html, image/gif, image/jpeg, *; q=.2, */*; q=.2',
  'connection' => 'keep-alive',
)
[ info ] [ PARAM ] array (
)
[ info ] [ LOG ] INIT File

---------------------------------------------------------------
[ 2018-05-16T23:18:12+08:00 ] 172.18.215.229 104.192.74.28 GET /index/introduction/id/123.html
[ log ] www.yeguofang.top/index/introduction/id/123.html [运行时间：0.058238s][吞吐率：17.17req/s] [内存消耗：4,352.59kb] [文件加载：54]
[ info ] [ LANG ] C:\wamp\www\app\thinkphp\lang\zh-cn.php
[ info ] [ BIND ] 'index'
[ info ] [ ROUTE ] array (
  'type' => 'module',
  'module' => 
  array (
    0 => 'index',
    1 => 'index',
    2 => 'introduction',
  ),
)
[ info ] [ HEADER ] array (
  'user-agent' => 'Mozilla/5.0 (Macintosh; Intel Mac OS X 10_12_1) AppleWebKit/537.36 (KHTML, like Gecko) Chrome/58.0.3029.110 Safari/537.36',
  'accept' => 'text/html,application/xhtml+xml,application/xml;q=0.9,*/*;q=0.8',
  'accept-language' => 'en-us',
  'accept-charset' => 'ISO-8859-1,utf-8;q=0.7,*;q=0.7)',
  'cache-control' => 'no-cache',
  'accept-encoding' => 'gzip,deflate',
  'connection' => 'close',
  'referer' => 'http://www.yeguofang.top/index/introduction/id/123.html',
  'host' => 'www.yeguofang.top',
)
[ info ] [ PARAM ] array (
  'id' => '123',
)
[ info ] [ RUN ] app\index\controller\Index->introduction[ C:\wamp\www\app\application\index\controller\Index.php ]
[ info ] [ DB ] INIT mysql
[ info ] [ VIEW ] C:\wamp\www\app\public/../application/index\view\index\introduction.html [ array (
  0 => 'data',
) ]
[ info ] [ SESSION ] INIT array (
  'id' => '',
  'var_session_id' => '',
  'prefix' => 'think',
  'type' => '',
  'auto_start' => true,
  'expire' => 4200,
)
[ info ] [ LOG ] INIT File
[ sql ] [ DB ] CONNECT:[ UseTime:0.000679s ] mysql:dbname=shopp;host=127.0.0.1;charset=utf8
[ sql ] [ SQL ] SHOW COLUMNS FROM `goods` [ RunTime:0.003585s ]
[ sql ] [ SQL ] SELECT * FROM `goods` WHERE  `goid` = 123 LIMIT 1 [ RunTime:0.000566s ]

---------------------------------------------------------------
[ 2018-05-16T23:18:14+08:00 ] 172.18.215.229 104.192.74.28 GET /member/shopcart.html
[ log ] www.yeguofang.top/member/shopcart.html [运行时间：0.042547s][吞吐率：23.50req/s] [内存消耗：2,994.44kb] [文件加载：48]
[ info ] [ LANG ] C:\wamp\www\app\thinkphp\lang\zh-cn.php
[ info ] [ BIND ] 'index'
[ info ] [ ROUTE ] array (
  'type' => 'module',
  'module' => 
  array (
    0 => 'index',
    1 => 'member',
    2 => 'shopcart',
  ),
)
[ info ] [ HEADER ] array (
  'user-agent' => 'Mozilla/5.0 (Macintosh; Intel Mac OS X 10_12_1) AppleWebKit/537.36 (KHTML, like Gecko) Chrome/58.0.3029.110 Safari/537.36',
  'accept' => 'text/html,application/xhtml+xml,application/xml;q=0.9,*/*;q=0.8',
  'accept-language' => 'en-us',
  'accept-charset' => 'ISO-8859-1,utf-8;q=0.7,*;q=0.7)',
  'cache-control' => 'no-cache',
  'accept-encoding' => 'gzip,deflate',
  'connection' => 'close',
  'referer' => 'http://www.yeguofang.top/member/shopcart.html',
  'host' => 'www.yeguofang.top',
)
[ info ] [ PARAM ] array (
)
[ info ] [ LOG ] INIT File

---------------------------------------------------------------
[ 2018-05-16T23:18:14+08:00 ] 172.18.215.229 104.192.74.28 GET /index/sort.html
[ log ] www.yeguofang.top/index/sort.html [运行时间：0.062885s][吞吐率：15.90req/s] [内存消耗：4,364.00kb] [文件加载：54]
[ info ] [ LANG ] C:\wamp\www\app\thinkphp\lang\zh-cn.php
[ info ] [ BIND ] 'index'
[ info ] [ ROUTE ] array (
  'type' => 'module',
  'module' => 
  array (
    0 => 'index',
    1 => 'index',
    2 => 'sort',
  ),
)
[ info ] [ HEADER ] array (
  'accept-encoding' => 'gzip',
  'user-agent' => 'Mozilla',
  'host' => 'www.yeguofang.top',
  'accept' => 'text/html, image/gif, image/jpeg, *; q=.2, */*; q=.2',
  'connection' => 'keep-alive',
)
[ info ] [ PARAM ] array (
)
[ info ] [ RUN ] app\index\controller\Index->sort[ C:\wamp\www\app\application\index\controller\Index.php ]
[ info ] [ DB ] INIT mysql
[ info ] [ DB ] INIT mysql
[ info ] [ VIEW ] C:\wamp\www\app\public/../application/index\view\index\sort.html [ array (
  0 => 'tptc',
  1 => 'tpts',
) ]
[ info ] [ LOG ] INIT File
[ sql ] [ DB ] CONNECT:[ UseTime:0.000759s ] mysql:dbname=shopp;host=127.0.0.1;charset=utf8
[ sql ] [ SQL ] SHOW COLUMNS FROM `category` [ RunTime:0.003150s ]
[ sql ] [ SQL ] SELECT * FROM `category` WHERE  (  gid = 0 ) ORDER BY pid ASC [ RunTime:0.000557s ]
[ sql ] [ DB ] CONNECT:[ UseTime:0.000510s ] mysql:dbname=shopp;host=127.0.0.1;charset=utf8
[ sql ] [ SQL ] SELECT * FROM `category` WHERE  (  gid != 0 ) ORDER BY pid ASC [ RunTime:0.000481s ]

---------------------------------------------------------------
[ 2018-05-16T23:18:19+08:00 ] 172.18.215.229 104.192.74.28 GET /member/sort.html
[ log ] www.yeguofang.top/member/sort.html [运行时间：0.042322s][吞吐率：23.63req/s] [内存消耗：2,994.25kb] [文件加载：48]
[ info ] [ LANG ] C:\wamp\www\app\thinkphp\lang\zh-cn.php
[ info ] [ BIND ] 'index'
[ info ] [ ROUTE ] array (
  'type' => 'module',
  'module' => 
  array (
    0 => 'index',
    1 => 'member',
    2 => 'sort',
  ),
)
[ info ] [ HEADER ] array (
  'user-agent' => 'Mozilla/5.0 (Macintosh; Intel Mac OS X 10_12_1) AppleWebKit/537.36 (KHTML, like Gecko) Chrome/58.0.3029.110 Safari/537.36',
  'accept' => 'text/html,application/xhtml+xml,application/xml;q=0.9,*/*;q=0.8',
  'accept-language' => 'en-us',
  'accept-charset' => 'ISO-8859-1,utf-8;q=0.7,*;q=0.7)',
  'cache-control' => 'no-cache',
  'accept-encoding' => 'gzip,deflate',
  'connection' => 'close',
  'referer' => 'http://www.yeguofang.top/member/sort.html',
  'host' => 'www.yeguofang.top',
)
[ info ] [ PARAM ] array (
)
[ info ] [ LOG ] INIT File

---------------------------------------------------------------
[ 2018-05-16T23:18:19+08:00 ] 172.18.215.229 104.192.74.28 GET /index/introduction/id/123.html
[ log ] www.yeguofang.top/index/introduction/id/123.html [运行时间：0.060723s][吞吐率：16.47req/s] [内存消耗：4,351.52kb] [文件加载：54]
[ info ] [ LANG ] C:\wamp\www\app\thinkphp\lang\zh-cn.php
[ info ] [ BIND ] 'index'
[ info ] [ ROUTE ] array (
  'type' => 'module',
  'module' => 
  array (
    0 => 'index',
    1 => 'index',
    2 => 'introduction',
  ),
)
[ info ] [ HEADER ] array (
  'accept-encoding' => 'gzip',
  'user-agent' => 'Mozilla',
  'host' => 'www.yeguofang.top',
  'accept' => 'text/html, image/gif, image/jpeg, *; q=.2, */*; q=.2',
  'connection' => 'keep-alive',
)
[ info ] [ PARAM ] array (
  'id' => '123',
)
[ info ] [ RUN ] app\index\controller\Index->introduction[ C:\wamp\www\app\application\index\controller\Index.php ]
[ info ] [ DB ] INIT mysql
[ info ] [ VIEW ] C:\wamp\www\app\public/../application/index\view\index\introduction.html [ array (
  0 => 'data',
) ]
[ info ] [ SESSION ] INIT array (
  'id' => '',
  'var_session_id' => '',
  'prefix' => 'think',
  'type' => '',
  'auto_start' => true,
  'expire' => 4200,
)
[ info ] [ LOG ] INIT File
[ sql ] [ DB ] CONNECT:[ UseTime:0.000828s ] mysql:dbname=shopp;host=127.0.0.1;charset=utf8
[ sql ] [ SQL ] SHOW COLUMNS FROM `goods` [ RunTime:0.003336s ]
[ sql ] [ SQL ] SELECT * FROM `goods` WHERE  `goid` = 123 LIMIT 1 [ RunTime:0.000590s ]

---------------------------------------------------------------
[ 2018-05-16T23:18:23+08:00 ] 172.18.215.229 104.192.74.28 GET /member/shopcart.html
[ log ] www.yeguofang.top/member/shopcart.html [运行时间：0.040962s][吞吐率：24.41req/s] [内存消耗：2,992.87kb] [文件加载：48]
[ info ] [ LANG ] C:\wamp\www\app\thinkphp\lang\zh-cn.php
[ info ] [ BIND ] 'index'
[ info ] [ ROUTE ] array (
  'type' => 'module',
  'module' => 
  array (
    0 => 'index',
    1 => 'member',
    2 => 'shopcart',
  ),
)
[ info ] [ HEADER ] array (
  'accept-encoding' => 'gzip',
  'user-agent' => 'Mozilla',
  'host' => 'www.yeguofang.top',
  'accept' => 'text/html, image/gif, image/jpeg, *; q=.2, */*; q=.2',
  'connection' => 'keep-alive',
)
[ info ] [ PARAM ] array (
)
[ info ] [ LOG ] INIT File

---------------------------------------------------------------
[ 2018-05-16T23:18:23+08:00 ] 172.18.215.229 104.192.74.28 GET /index/pay.html
[ log ] www.yeguofang.top/index/pay.html [运行时间：0.043733s][吞吐率：22.87req/s] [内存消耗：3,353.87kb] [文件加载：49]
[ info ] [ LANG ] C:\wamp\www\app\thinkphp\lang\zh-cn.php
[ info ] [ BIND ] 'index'
[ info ] [ ROUTE ] array (
  'type' => 'module',
  'module' => 
  array (
    0 => 'index',
    1 => 'index',
    2 => 'pay',
  ),
)
[ info ] [ HEADER ] array (
  'user-agent' => 'Mozilla/5.0 (Macintosh; Intel Mac OS X 10_12_1) AppleWebKit/537.36 (KHTML, like Gecko) Chrome/58.0.3029.110 Safari/537.36',
  'accept' => 'text/html,application/xhtml+xml,application/xml;q=0.9,*/*;q=0.8',
  'accept-language' => 'en-us',
  'accept-charset' => 'ISO-8859-1,utf-8;q=0.7,*;q=0.7)',
  'cache-control' => 'no-cache',
  'accept-encoding' => 'gzip,deflate',
  'connection' => 'close',
  'referer' => 'http://www.yeguofang.top/index/pay.html',
  'host' => 'www.yeguofang.top',
)
[ info ] [ PARAM ] array (
)
[ info ] [ RUN ] app\index\controller\Index->pay[ C:\wamp\www\app\application\index\controller\Index.php ]
[ info ] [ VIEW ] C:\wamp\www\app\public/../application/index\view\index\pay.html [ array (
) ]
[ info ] [ LOG ] INIT File

---------------------------------------------------------------
[ 2018-05-16T23:18:25+08:00 ] 172.18.215.229 104.192.74.28 GET /index/home.html
[ log ] www.yeguofang.top/index/home.html [运行时间：0.040974s][吞吐率：24.41req/s] [内存消耗：3,020.62kb] [文件加载：48]
[ info ] [ LANG ] C:\wamp\www\app\thinkphp\lang\zh-cn.php
[ info ] [ BIND ] 'index'
[ info ] [ ROUTE ] array (
  'type' => 'module',
  'module' => 
  array (
    0 => 'index',
    1 => 'index',
    2 => 'home',
  ),
)
[ info ] [ HEADER ] array (
  'user-agent' => 'Mozilla/5.0 (Macintosh; Intel Mac OS X 10_12_1) AppleWebKit/537.36 (KHTML, like Gecko) Chrome/58.0.3029.110 Safari/537.36',
  'accept' => 'text/html,application/xhtml+xml,application/xml;q=0.9,*/*;q=0.8',
  'accept-language' => 'en-us',
  'accept-charset' => 'ISO-8859-1,utf-8;q=0.7,*;q=0.7)',
  'cache-control' => 'no-cache',
  'accept-encoding' => 'gzip,deflate',
  'connection' => 'close',
  'referer' => 'http://www.yeguofang.top/index/home.html',
  'host' => 'www.yeguofang.top',
)
[ info ] [ PARAM ] array (
)
[ info ] [ LOG ] INIT File

---------------------------------------------------------------
[ 2018-05-16T23:18:27+08:00 ] 172.18.215.229 104.192.74.28 GET /member/sort.html
[ log ] www.yeguofang.top/member/sort.html [运行时间：0.041261s][吞吐率：24.24req/s] [内存消耗：2,992.93kb] [文件加载：48]
[ info ] [ LANG ] C:\wamp\www\app\thinkphp\lang\zh-cn.php
[ info ] [ BIND ] 'index'
[ info ] [ ROUTE ] array (
  'type' => 'module',
  'module' => 
  array (
    0 => 'index',
    1 => 'member',
    2 => 'sort',
  ),
)
[ info ] [ HEADER ] array (
  'accept-encoding' => 'gzip',
  'user-agent' => 'Mozilla',
  'host' => 'www.yeguofang.top',
  'accept' => 'text/html, image/gif, image/jpeg, *; q=.2, */*; q=.2',
  'connection' => 'keep-alive',
)
[ info ] [ PARAM ] array (
)
[ info ] [ LOG ] INIT File

---------------------------------------------------------------
[ 2018-05-16T23:18:28+08:00 ] 172.18.215.229 104.192.74.28 GET /index/home.html
[ log ] www.yeguofang.top/index/home.html [运行时间：0.042883s][吞吐率：23.32req/s] [内存消耗：3,019.39kb] [文件加载：48]
[ info ] [ LANG ] C:\wamp\www\app\thinkphp\lang\zh-cn.php
[ info ] [ BIND ] 'index'
[ info ] [ ROUTE ] array (
  'type' => 'module',
  'module' => 
  array (
    0 => 'index',
    1 => 'index',
    2 => 'home',
  ),
)
[ info ] [ HEADER ] array (
  'accept-encoding' => 'gzip',
  'user-agent' => 'Mozilla',
  'host' => 'www.yeguofang.top',
  'accept' => 'text/html, image/gif, image/jpeg, *; q=.2, */*; q=.2',
  'connection' => 'keep-alive',
)
[ info ] [ PARAM ] array (
)
[ info ] [ LOG ] INIT File

---------------------------------------------------------------
[ 2018-05-16T23:18:31+08:00 ] 172.18.215.229 104.192.74.28 GET /member/bonus.html
[ log ] www.yeguofang.top/member/bonus.html [运行时间：0.042026s][吞吐率：23.79req/s] [内存消耗：2,994.37kb] [文件加载：48]
[ info ] [ LANG ] C:\wamp\www\app\thinkphp\lang\zh-cn.php
[ info ] [ BIND ] 'index'
[ info ] [ ROUTE ] array (
  'type' => 'module',
  'module' => 
  array (
    0 => 'index',
    1 => 'member',
    2 => 'bonus',
  ),
)
[ info ] [ HEADER ] array (
  'user-agent' => 'Mozilla/5.0 (Macintosh; Intel Mac OS X 10_12_1) AppleWebKit/537.36 (KHTML, like Gecko) Chrome/58.0.3029.110 Safari/537.36',
  'accept' => 'text/html,application/xhtml+xml,application/xml;q=0.9,*/*;q=0.8',
  'accept-language' => 'en-us',
  'accept-charset' => 'ISO-8859-1,utf-8;q=0.7,*;q=0.7)',
  'cache-control' => 'no-cache',
  'accept-encoding' => 'gzip,deflate',
  'connection' => 'close',
  'referer' => 'http://www.yeguofang.top/member/bonus.html',
  'host' => 'www.yeguofang.top',
)
[ info ] [ PARAM ] array (
)
[ info ] [ LOG ] INIT File

---------------------------------------------------------------
[ 2018-05-16T23:18:32+08:00 ] 172.18.215.229 104.192.74.28 GET /index/pay.html
[ log ] www.yeguofang.top/index/pay.html [运行时间：0.034916s][吞吐率：28.64req/s] [内存消耗：3,067.82kb] [文件加载：47]
[ info ] [ LANG ] C:\wamp\www\app\thinkphp\lang\zh-cn.php
[ info ] [ BIND ] 'index'
[ info ] [ ROUTE ] array (
  'type' => 'module',
  'module' => 
  array (
    0 => 'index',
    1 => 'index',
    2 => 'pay',
  ),
)
[ info ] [ HEADER ] array (
  'accept-encoding' => 'gzip',
  'user-agent' => 'Mozilla',
  'host' => 'www.yeguofang.top',
  'accept' => 'text/html, image/gif, image/jpeg, *; q=.2, */*; q=.2',
  'connection' => 'keep-alive',
)
[ info ] [ PARAM ] array (
)
[ info ] [ RUN ] app\index\controller\Index->pay[ C:\wamp\www\app\application\index\controller\Index.php ]
[ info ] [ VIEW ] C:\wamp\www\app\public/../application/index\view\index\pay.html [ array (
) ]
[ info ] [ LOG ] INIT File

---------------------------------------------------------------
[ 2018-05-16T23:18:34+08:00 ] 172.18.215.229 104.192.74.28 GET /member/coupon.html
[ log ] www.yeguofang.top/member/coupon.html [运行时间：0.087899s][吞吐率：11.38req/s] [内存消耗：2,994.40kb] [文件加载：48]
[ info ] [ LANG ] C:\wamp\www\app\thinkphp\lang\zh-cn.php
[ info ] [ BIND ] 'index'
[ info ] [ ROUTE ] array (
  'type' => 'module',
  'module' => 
  array (
    0 => 'index',
    1 => 'member',
    2 => 'coupon',
  ),
)
[ info ] [ HEADER ] array (
  'user-agent' => 'Mozilla/5.0 (Macintosh; Intel Mac OS X 10_12_1) AppleWebKit/537.36 (KHTML, like Gecko) Chrome/58.0.3029.110 Safari/537.36',
  'accept' => 'text/html,application/xhtml+xml,application/xml;q=0.9,*/*;q=0.8',
  'accept-language' => 'en-us',
  'accept-charset' => 'ISO-8859-1,utf-8;q=0.7,*;q=0.7)',
  'cache-control' => 'no-cache',
  'accept-encoding' => 'gzip,deflate',
  'connection' => 'close',
  'referer' => 'http://www.yeguofang.top/member/coupon.html',
  'host' => 'www.yeguofang.top',
)
[ info ] [ PARAM ] array (
)
[ info ] [ LOG ] INIT File

---------------------------------------------------------------
[ 2018-05-16T23:18:36+08:00 ] 172.18.215.229 104.192.74.28 GET /member/coupon.html
[ log ] www.yeguofang.top/member/coupon.html [运行时间：0.037118s][吞吐率：26.94req/s] [内存消耗：2,992.85kb] [文件加载：48]
[ info ] [ LANG ] C:\wamp\www\app\thinkphp\lang\zh-cn.php
[ info ] [ BIND ] 'index'
[ info ] [ ROUTE ] array (
  'type' => 'module',
  'module' => 
  array (
    0 => 'index',
    1 => 'member',
    2 => 'coupon',
  ),
)
[ info ] [ HEADER ] array (
  'accept-encoding' => 'gzip',
  'user-agent' => 'Mozilla',
  'host' => 'www.yeguofang.top',
  'accept' => 'text/html, image/gif, image/jpeg, *; q=.2, */*; q=.2',
  'connection' => 'keep-alive',
)
[ info ] [ PARAM ] array (
)
[ info ] [ LOG ] INIT File

---------------------------------------------------------------
[ 2018-05-16T23:18:36+08:00 ] 172.18.215.229 104.192.74.28 GET /home/person/index.html
[ log ] www.yeguofang.top/home/person/index.html [运行时间：0.035176s][吞吐率：28.43req/s] [内存消耗：2,478.20kb] [文件加载：41]
[ info ] [ LANG ] C:\wamp\www\app\thinkphp\lang\zh-cn.php
[ info ] [ BIND ] 'index'
[ info ] [ ROUTE ] array (
  'type' => 'module',
  'module' => 
  array (
    0 => 'index',
    1 => 'home',
    2 => 'person',
  ),
)
[ info ] [ HEADER ] array (
  'user-agent' => 'Mozilla/5.0 (Macintosh; Intel Mac OS X 10_12_1) AppleWebKit/537.36 (KHTML, like Gecko) Chrome/58.0.3029.110 Safari/537.36',
  'accept' => 'text/html,application/xhtml+xml,application/xml;q=0.9,*/*;q=0.8',
  'accept-language' => 'en-us',
  'accept-charset' => 'ISO-8859-1,utf-8;q=0.7,*;q=0.7)',
  'cache-control' => 'no-cache',
  'accept-encoding' => 'gzip,deflate',
  'connection' => 'close',
  'referer' => 'http://www.yeguofang.top/home/person/index.html',
  'host' => 'www.yeguofang.top',
)
[ info ] [ PARAM ] array (
)
[ info ] [ LOG ] INIT File

---------------------------------------------------------------
[ 2018-05-16T23:18:38+08:00 ] 172.18.215.229 104.192.74.28 GET /member/bill.html
[ log ] www.yeguofang.top/member/bill.html [运行时间：0.037991s][吞吐率：26.32req/s] [内存消耗：2,994.25kb] [文件加载：48]
[ info ] [ LANG ] C:\wamp\www\app\thinkphp\lang\zh-cn.php
[ info ] [ BIND ] 'index'
[ info ] [ ROUTE ] array (
  'type' => 'module',
  'module' => 
  array (
    0 => 'index',
    1 => 'member',
    2 => 'bill',
  ),
)
[ info ] [ HEADER ] array (
  'user-agent' => 'Mozilla/5.0 (Macintosh; Intel Mac OS X 10_12_1) AppleWebKit/537.36 (KHTML, like Gecko) Chrome/58.0.3029.110 Safari/537.36',
  'accept' => 'text/html,application/xhtml+xml,application/xml;q=0.9,*/*;q=0.8',
  'accept-language' => 'en-us',
  'accept-charset' => 'ISO-8859-1,utf-8;q=0.7,*;q=0.7)',
  'cache-control' => 'no-cache',
  'accept-encoding' => 'gzip,deflate',
  'connection' => 'close',
  'referer' => 'http://www.yeguofang.top/member/bill.html',
  'host' => 'www.yeguofang.top',
)
[ info ] [ PARAM ] array (
)
[ info ] [ LOG ] INIT File

---------------------------------------------------------------
[ 2018-05-16T23:18:40+08:00 ] 172.18.215.229 104.192.74.28 GET /member/bill.html
[ log ] www.yeguofang.top/member/bill.html [运行时间：0.070587s][吞吐率：14.17req/s] [内存消耗：2,992.93kb] [文件加载：48]
[ info ] [ LANG ] C:\wamp\www\app\thinkphp\lang\zh-cn.php
[ info ] [ BIND ] 'index'
[ info ] [ ROUTE ] array (
  'type' => 'module',
  'module' => 
  array (
    0 => 'index',
    1 => 'member',
    2 => 'bill',
  ),
)
[ info ] [ HEADER ] array (
  'accept-encoding' => 'gzip',
  'user-agent' => 'Mozilla',
  'host' => 'www.yeguofang.top',
  'accept' => 'text/html, image/gif, image/jpeg, *; q=.2, */*; q=.2',
  'connection' => 'keep-alive',
)
[ info ] [ PARAM ] array (
)
[ info ] [ LOG ] INIT File

---------------------------------------------------------------
[ 2018-05-16T23:18:42+08:00 ] 172.18.215.229 104.192.74.28 GET /member/order.html
[ log ] www.yeguofang.top/member/order.html [运行时间：0.038555s][吞吐率：25.94req/s] [内存消耗：2,994.37kb] [文件加载：48]
[ info ] [ LANG ] C:\wamp\www\app\thinkphp\lang\zh-cn.php
[ info ] [ BIND ] 'index'
[ info ] [ ROUTE ] array (
  'type' => 'module',
  'module' => 
  array (
    0 => 'index',
    1 => 'member',
    2 => 'order',
  ),
)
[ info ] [ HEADER ] array (
  'user-agent' => 'Mozilla/5.0 (Macintosh; Intel Mac OS X 10_12_1) AppleWebKit/537.36 (KHTML, like Gecko) Chrome/58.0.3029.110 Safari/537.36',
  'accept' => 'text/html,application/xhtml+xml,application/xml;q=0.9,*/*;q=0.8',
  'accept-language' => 'en-us',
  'accept-charset' => 'ISO-8859-1,utf-8;q=0.7,*;q=0.7)',
  'cache-control' => 'no-cache',
  'accept-encoding' => 'gzip,deflate',
  'connection' => 'close',
  'referer' => 'http://www.yeguofang.top/member/order.html',
  'host' => 'www.yeguofang.top',
)
[ info ] [ PARAM ] array (
)
[ info ] [ LOG ] INIT File

---------------------------------------------------------------
[ 2018-05-16T23:18:43+08:00 ] 172.18.215.229 104.192.74.28 GET /member/bonus.html
[ log ] www.yeguofang.top/member/bonus.html [运行时间：0.042724s][吞吐率：23.41req/s] [内存消耗：2,992.91kb] [文件加载：48]
[ info ] [ LANG ] C:\wamp\www\app\thinkphp\lang\zh-cn.php
[ info ] [ BIND ] 'index'
[ info ] [ ROUTE ] array (
  'type' => 'module',
  'module' => 
  array (
    0 => 'index',
    1 => 'member',
    2 => 'bonus',
  ),
)
[ info ] [ HEADER ] array (
  'accept-encoding' => 'gzip',
  'user-agent' => 'Mozilla',
  'host' => 'www.yeguofang.top',
  'accept' => 'text/html, image/gif, image/jpeg, *; q=.2, */*; q=.2',
  'connection' => 'keep-alive',
)
[ info ] [ PARAM ] array (
)
[ info ] [ LOG ] INIT File

---------------------------------------------------------------
[ 2018-05-16T23:18:45+08:00 ] 172.18.215.229 104.192.74.28 GET /member/order.html
[ log ] www.yeguofang.top/member/order.html [运行时间：0.037277s][吞吐率：26.83req/s] [内存消耗：2,992.91kb] [文件加载：48]
[ info ] [ LANG ] C:\wamp\www\app\thinkphp\lang\zh-cn.php
[ info ] [ BIND ] 'index'
[ info ] [ ROUTE ] array (
  'type' => 'module',
  'module' => 
  array (
    0 => 'index',
    1 => 'member',
    2 => 'order',
  ),
)
[ info ] [ HEADER ] array (
  'accept-encoding' => 'gzip',
  'user-agent' => 'Mozilla',
  'host' => 'www.yeguofang.top',
  'accept' => 'text/html, image/gif, image/jpeg, *; q=.2, */*; q=.2',
  'connection' => 'keep-alive',
)
[ info ] [ PARAM ] array (
)
[ info ] [ LOG ] INIT File

---------------------------------------------------------------
[ 2018-05-16T23:18:49+08:00 ] 172.18.215.229 104.192.74.28 GET /home/person/index.html
[ log ] www.yeguofang.top/home/person/index.html [运行时间：0.033559s][吞吐率：29.80req/s] [内存消耗：2,476.73kb] [文件加载：41]
[ info ] [ LANG ] C:\wamp\www\app\thinkphp\lang\zh-cn.php
[ info ] [ BIND ] 'index'
[ info ] [ ROUTE ] array (
  'type' => 'module',
  'module' => 
  array (
    0 => 'index',
    1 => 'home',
    2 => 'person',
  ),
)
[ info ] [ HEADER ] array (
  'accept-encoding' => 'gzip',
  'user-agent' => 'Mozilla',
  'host' => 'www.yeguofang.top',
  'accept' => 'text/html, image/gif, image/jpeg, *; q=.2, */*; q=.2',
  'connection' => 'keep-alive',
)
[ info ] [ PARAM ] array (
)
[ info ] [ LOG ] INIT File

---------------------------------------------------------------
