[ 2018-05-23T08:08:12+08:00 ] 172.18.215.229 47.97.220.124 GET /
[ log ] www.yeguofang.top/ [运行时间：0.111686s][吞吐率：8.95req/s] [内存消耗：4,436.31kb] [文件加载：54]
[ info ] [ LANG ] C:\wamp\www\app\thinkphp\lang\zh-cn.php
[ info ] [ BIND ] 'index'
[ info ] [ ROUTE ] array (
  'type' => 'module',
  'module' => 
  array (
    0 => 'index',
    1 => NULL,
    2 => NULL,
  ),
)
[ info ] [ HEADER ] array (
  'user-agent' => 'Mozilla/5.0 (X11; Ubuntu; Linux x86_64; rv:36.0) Gecko/20100101 Firefox/36.0',
  'host' => 'www.yeguofang.top',
  'accept' => 'text/html, image/gif, image/jpeg, *; q=.2, */*; q=.2',
  'connection' => 'keep-alive',
)
[ info ] [ PARAM ] array (
)
[ info ] [ RUN ] app\index\controller\Index->index[ C:\wamp\www\app\application\index\controller\Index.php ]
[ info ] [ DB ] INIT mysql
[ info ] [ DB ] INIT mysql
[ info ] [ DB ] INIT mysql
[ info ] [ VIEW ] C:\wamp\www\app\public/../application/index\view\index\index.html [ array (
  0 => 'tptc',
  1 => 'tpts',
  2 => 'data',
  3 => 'data1',
  4 => 'data2',
) ]
[ info ] [ SESSION ] INIT array (
  'id' => '',
  'var_session_id' => '',
  'prefix' => 'think',
  'type' => '',
  'auto_start' => true,
  'expire' => 4200,
)
[ info ] [ LOG ] INIT File
[ sql ] [ DB ] CONNECT:[ UseTime:0.000757s ] mysql:dbname=shopp;host=127.0.0.1;charset=utf8
[ sql ] [ SQL ] SHOW COLUMNS FROM `category` [ RunTime:0.003671s ]
[ sql ] [ SQL ] SELECT * FROM `category` WHERE  (  gid = 0 ) ORDER BY pid ASC [ RunTime:0.000530s ]
[ sql ] [ DB ] CONNECT:[ UseTime:0.000807s ] mysql:dbname=shopp;host=127.0.0.1;charset=utf8
[ sql ] [ SQL ] SELECT * FROM `category` WHERE  (  gid != 0 ) ORDER BY pid ASC [ RunTime:0.000470s ]
[ sql ] [ DB ] CONNECT:[ UseTime:0.000482s ] mysql:dbname=shopp;host=127.0.0.1;charset=utf8
[ sql ] [ SQL ] SHOW COLUMNS FROM `goods` [ RunTime:0.002933s ]
[ sql ] [ SQL ] SELECT * FROM `goods` WHERE  `gid` = '2'  AND `groom` = 'yes'  AND `shelf` = 'yes' [ RunTime:0.000630s ]
[ sql ] [ SQL ] SELECT * FROM `goods` WHERE  `gid` = '3'  AND `groom` = 'yes'  AND `shelf` = 'yes' [ RunTime:0.000379s ]
[ sql ] [ SQL ] SELECT * FROM `goods` WHERE  `gid` = '4'  AND `groom` = 'yes'  AND `shelf` = 'yes' [ RunTime:0.000361s ]

---------------------------------------------------------------
[ 2018-05-23T10:58:31+08:00 ] 172.18.215.229 106.11.227.92 GET /
[ log ] www.yeguofang.top/ [运行时间：0.105479s][吞吐率：9.48req/s] [内存消耗：4,437.01kb] [文件加载：54]
[ info ] [ LANG ] C:\wamp\www\app\thinkphp\lang\zh-cn.php
[ info ] [ BIND ] 'index'
[ info ] [ ROUTE ] array (
  'type' => 'module',
  'module' => 
  array (
    0 => 'index',
    1 => NULL,
    2 => NULL,
  ),
)
[ info ] [ HEADER ] array (
  'accept-encoding' => 'gzip',
  'user-agent' => 'Mozilla/5.0 (iPad; CPU OS 9_1 like Mac OS X) AppleWebKit/601.1.46 (KHTML, like Gecko) Version/9.0 Mobile/13B143 Safari/601.1',
  'cache-control' => 'no-cache',
  'pragma' => 'no-cache',
  'host' => 'www.yeguofang.top',
  'accept' => 'text/html, image/gif, image/jpeg, *; q=.2, */*; q=.2',
  'connection' => 'keep-alive',
)
[ info ] [ PARAM ] array (
)
[ info ] [ RUN ] app\index\controller\Index->index[ C:\wamp\www\app\application\index\controller\Index.php ]
[ info ] [ DB ] INIT mysql
[ info ] [ DB ] INIT mysql
[ info ] [ DB ] INIT mysql
[ info ] [ VIEW ] C:\wamp\www\app\public/../application/index\view\index\index.html [ array (
  0 => 'tptc',
  1 => 'tpts',
  2 => 'data',
  3 => 'data1',
  4 => 'data2',
) ]
[ info ] [ SESSION ] INIT array (
  'id' => '',
  'var_session_id' => '',
  'prefix' => 'think',
  'type' => '',
  'auto_start' => true,
  'expire' => 4200,
)
[ info ] [ LOG ] INIT File
[ sql ] [ DB ] CONNECT:[ UseTime:0.000789s ] mysql:dbname=shopp;host=127.0.0.1;charset=utf8
[ sql ] [ SQL ] SHOW COLUMNS FROM `category` [ RunTime:0.003690s ]
[ sql ] [ SQL ] SELECT * FROM `category` WHERE  (  gid = 0 ) ORDER BY pid ASC [ RunTime:0.000530s ]
[ sql ] [ DB ] CONNECT:[ UseTime:0.000554s ] mysql:dbname=shopp;host=127.0.0.1;charset=utf8
[ sql ] [ SQL ] SELECT * FROM `category` WHERE  (  gid != 0 ) ORDER BY pid ASC [ RunTime:0.000487s ]
[ sql ] [ DB ] CONNECT:[ UseTime:0.000494s ] mysql:dbname=shopp;host=127.0.0.1;charset=utf8
[ sql ] [ SQL ] SHOW COLUMNS FROM `goods` [ RunTime:0.003410s ]
[ sql ] [ SQL ] SELECT * FROM `goods` WHERE  `gid` = '2'  AND `groom` = 'yes'  AND `shelf` = 'yes' [ RunTime:0.000610s ]
[ sql ] [ SQL ] SELECT * FROM `goods` WHERE  `gid` = '3'  AND `groom` = 'yes'  AND `shelf` = 'yes' [ RunTime:0.000371s ]
[ sql ] [ SQL ] SELECT * FROM `goods` WHERE  `gid` = '4'  AND `groom` = 'yes'  AND `shelf` = 'yes' [ RunTime:0.000431s ]

---------------------------------------------------------------
