[ 2018-05-24T02:58:54+08:00 ] 172.18.215.229 202.108.211.56 GET /
[ log ] www.yeguofang.top/ [运行时间：0.101713s][吞吐率：9.83req/s] [内存消耗：4,437.68kb] [文件加载：54]
[ info ] [ LANG ] C:\wamp\www\app\thinkphp\lang\zh-cn.php
[ info ] [ BIND ] 'index'
[ info ] [ ROUTE ] array (
  'type' => 'module',
  'module' => 
  array (
    0 => 'index',
    1 => NULL,
    2 => NULL,
  ),
)
[ info ] [ HEADER ] array (
  'user-agent' => 'Mozilla/5.0 (X11; Linux x86_64) AppleWebKit/535.21 (KHTML, like Gecko) Chrome/19.0.1042.0 Safari/535.21',
  'accept' => 'text/html,application/xhtml+xml,application/xml;q=0.9,image/webp,*/*;q=0.8',
  'accept-encoding' => 'gzip, deflate, sdch',
  'accept-language' => 'zh-CN,zh;q=0.8,en-US;q=0.6,en;q=0.4',
  'cache-control' => 'no-cache',
  'pragma' => 'no-cache',
  'upgrade-insecure-requests' => '1',
  'host' => 'www.yeguofang.top',
  'connection' => 'keep-alive',
)
[ info ] [ PARAM ] array (
)
[ info ] [ RUN ] app\index\controller\Index->index[ C:\wamp\www\app\application\index\controller\Index.php ]
[ info ] [ DB ] INIT mysql
[ info ] [ DB ] INIT mysql
[ info ] [ DB ] INIT mysql
[ info ] [ VIEW ] C:\wamp\www\app\public/../application/index\view\index\index.html [ array (
  0 => 'tptc',
  1 => 'tpts',
  2 => 'data',
  3 => 'data1',
  4 => 'data2',
) ]
[ info ] [ SESSION ] INIT array (
  'id' => '',
  'var_session_id' => '',
  'prefix' => 'think',
  'type' => '',
  'auto_start' => true,
  'expire' => 4200,
)
[ info ] [ LOG ] INIT File
[ sql ] [ DB ] CONNECT:[ UseTime:0.000771s ] mysql:dbname=shopp;host=127.0.0.1;charset=utf8
[ sql ] [ SQL ] SHOW COLUMNS FROM `category` [ RunTime:0.003261s ]
[ sql ] [ SQL ] SELECT * FROM `category` WHERE  (  gid = 0 ) ORDER BY pid ASC [ RunTime:0.000551s ]
[ sql ] [ DB ] CONNECT:[ UseTime:0.000523s ] mysql:dbname=shopp;host=127.0.0.1;charset=utf8
[ sql ] [ SQL ] SELECT * FROM `category` WHERE  (  gid != 0 ) ORDER BY pid ASC [ RunTime:0.000495s ]
[ sql ] [ DB ] CONNECT:[ UseTime:0.000481s ] mysql:dbname=shopp;host=127.0.0.1;charset=utf8
[ sql ] [ SQL ] SHOW COLUMNS FROM `goods` [ RunTime:0.002891s ]
[ sql ] [ SQL ] SELECT * FROM `goods` WHERE  `gid` = '2'  AND `groom` = 'yes'  AND `shelf` = 'yes' [ RunTime:0.000654s ]
[ sql ] [ SQL ] SELECT * FROM `goods` WHERE  `gid` = '3'  AND `groom` = 'yes'  AND `shelf` = 'yes' [ RunTime:0.000387s ]
[ sql ] [ SQL ] SELECT * FROM `goods` WHERE  `gid` = '4'  AND `groom` = 'yes'  AND `shelf` = 'yes' [ RunTime:0.000387s ]

---------------------------------------------------------------
[ 2018-05-24T10:30:15+08:00 ] 172.18.215.229 106.11.225.114 GET /
[ log ] www.yeguofang.top/ [运行时间：0.124093s][吞吐率：8.06req/s] [内存消耗：4,437.01kb] [文件加载：54]
[ info ] [ LANG ] C:\wamp\www\app\thinkphp\lang\zh-cn.php
[ info ] [ BIND ] 'index'
[ info ] [ ROUTE ] array (
  'type' => 'module',
  'module' => 
  array (
    0 => 'index',
    1 => NULL,
    2 => NULL,
  ),
)
[ info ] [ HEADER ] array (
  'accept-encoding' => 'gzip',
  'user-agent' => 'Mozilla/5.0 (iPad; CPU OS 9_1 like Mac OS X) AppleWebKit/601.1.46 (KHTML, like Gecko) Version/9.0 Mobile/13B143 Safari/601.1',
  'cache-control' => 'no-cache',
  'pragma' => 'no-cache',
  'host' => 'www.yeguofang.top',
  'accept' => 'text/html, image/gif, image/jpeg, *; q=.2, */*; q=.2',
  'connection' => 'keep-alive',
)
[ info ] [ PARAM ] array (
)
[ info ] [ RUN ] app\index\controller\Index->index[ C:\wamp\www\app\application\index\controller\Index.php ]
[ info ] [ DB ] INIT mysql
[ info ] [ DB ] INIT mysql
[ info ] [ DB ] INIT mysql
[ info ] [ VIEW ] C:\wamp\www\app\public/../application/index\view\index\index.html [ array (
  0 => 'tptc',
  1 => 'tpts',
  2 => 'data',
  3 => 'data1',
  4 => 'data2',
) ]
[ info ] [ SESSION ] INIT array (
  'id' => '',
  'var_session_id' => '',
  'prefix' => 'think',
  'type' => '',
  'auto_start' => true,
  'expire' => 4200,
)
[ info ] [ LOG ] INIT File
[ sql ] [ DB ] CONNECT:[ UseTime:0.000762s ] mysql:dbname=shopp;host=127.0.0.1;charset=utf8
[ sql ] [ SQL ] SHOW COLUMNS FROM `category` [ RunTime:0.003584s ]
[ sql ] [ SQL ] SELECT * FROM `category` WHERE  (  gid = 0 ) ORDER BY pid ASC [ RunTime:0.000533s ]
[ sql ] [ DB ] CONNECT:[ UseTime:0.000502s ] mysql:dbname=shopp;host=127.0.0.1;charset=utf8
[ sql ] [ SQL ] SELECT * FROM `category` WHERE  (  gid != 0 ) ORDER BY pid ASC [ RunTime:0.000483s ]
[ sql ] [ DB ] CONNECT:[ UseTime:0.000511s ] mysql:dbname=shopp;host=127.0.0.1;charset=utf8
[ sql ] [ SQL ] SHOW COLUMNS FROM `goods` [ RunTime:0.003195s ]
[ sql ] [ SQL ] SELECT * FROM `goods` WHERE  `gid` = '2'  AND `groom` = 'yes'  AND `shelf` = 'yes' [ RunTime:0.000625s ]
[ sql ] [ SQL ] SELECT * FROM `goods` WHERE  `gid` = '3'  AND `groom` = 'yes'  AND `shelf` = 'yes' [ RunTime:0.000377s ]
[ sql ] [ SQL ] SELECT * FROM `goods` WHERE  `gid` = '4'  AND `groom` = 'yes'  AND `shelf` = 'yes' [ RunTime:0.000374s ]

---------------------------------------------------------------
